<?xml version="1.0" encoding="UTF-8"?>
<coverage generated="1771499383926" clover="3.2.0">
  <project timestamp="1771499383926" name="All files">
    <metrics statements="20" coveredstatements="11" conditionals="0" coveredconditionals="0" methods="9" coveredmethods="0" elements="29" coveredelements="11" complexity="0" loc="20" ncloc="20" packages="2" files="3" classes="3"/>
    <package name="config">
      <metrics statements="2" coveredstatements="2" conditionals="0" coveredconditionals="0" methods="0" coveredmethods="0"/>
      <file name="ENV.ts" path="/mnt/c/Users/HP ZBOOK/cineconnect/CineConnect-Monorepo/apps/server/src/config/ENV.ts">
        <metrics statements="2" coveredstatements="2" conditionals="0" coveredconditionals="0" methods="0" coveredmethods="0"/>
        <line num="3" count="1" type="stmt"/>
        <line num="5" count="1" type="stmt"/>
      </file>
    </package>
    <package name="db">
      <metrics statements="18" coveredstatements="9" conditionals="0" coveredconditionals="0" methods="9" coveredmethods="0"/>
      <file name="index.ts" path="/mnt/c/Users/HP ZBOOK/cineconnect/CineConnect-Monorepo/apps/server/src/db/index.ts">
        <metrics statements="2" coveredstatements="2" conditionals="0" coveredconditionals="0" methods="0" coveredmethods="0"/>
        <line num="5" count="1" type="stmt"/>
        <line num="9" count="1" type="stmt"/>
      </file>
      <file name="schema.ts" path="/mnt/c/Users/HP ZBOOK/cineconnect/CineConnect-Monorepo/apps/server/src/db/schema.ts">
        <metrics statements="16" coveredstatements="7" conditionals="0" coveredconditionals="0" methods="9" coveredmethods="0"/>
        <line num="9" count="1" type="stmt"/>
        <line num="17" count="1" type="stmt"/>
        <line num="24" count="1" type="stmt"/>
        <line num="27" count="0" type="stmt"/>
        <line num="28" count="0" type="stmt"/>
        <line num="31" count="1" type="stmt"/>
        <line num="35" count="0" type="stmt"/>
        <line num="37" count="0" type="stmt"/>
        <line num="38" count="0" type="stmt"/>
        <line num="41" count="1" type="stmt"/>
        <line num="44" count="0" type="stmt"/>
        <line num="47" count="0" type="stmt"/>
        <line num="52" count="1" type="stmt"/>
        <line num="57" count="1" type="stmt"/>
        <line num="60" count="0" type="stmt"/>
        <line num="63" count="0" type="stmt"/>
      </file>
    </package>
  </project>
</coverage>
