{"C:\\Users\\lmrab\\Desktop\\Monorepo test\\apps\\server\\dist\\db\\schema.js": {"path":"C:\\Users\\lmrab\\Desktop\\Monorepo test\\apps\\server\\dist\\db\\schema.js","statementMap":{"0":{"start":{"line":2,"column":25},"end":{"line":9,"column":2}},"1":{"start":{"line":10,"column":25},"end":{"line":24,"column":2}},"2":{"start":{"line":25,"column":25},"end":{"line":31,"column":2}},"3":{"start":{"line":29,"column":40},"end":{"line":29,"column":53}},"4":{"start":{"line":30,"column":40},"end":{"line":30,"column":53}},"5":{"start":{"line":32,"column":28},"end":{"line":40,"column":2}},"6":{"start":{"line":36,"column":26},"end":{"line":36,"column":39}},"7":{"start":{"line":38,"column":40},"end":{"line":38,"column":53}},"8":{"start":{"line":39,"column":40},"end":{"line":39,"column":53}},"9":{"start":{"line":41,"column":27},"end":{"line":50,"column":2}},"10":{"start":{"line":44,"column":26},"end":{"line":44,"column":39}},"11":{"start":{"line":47,"column":26},"end":{"line":47,"column":39}},"12":{"start":{"line":51,"column":30},"end":{"line":54,"column":2}},"13":{"start":{"line":55,"column":34},"end":{"line":63,"column":2}},"14":{"start":{"line":58,"column":26},"end":{"line":58,"column":39}},"15":{"start":{"line":61,"column":26},"end":{"line":61,"column":44}},"16":{"start":{"line":64,"column":33},"end":{"line":67,"column":2}},"17":{"start":{"line":68,"column":39},"end":{"line":72,"column":2}},"18":{"start":{"line":70,"column":48},"end":{"line":70,"column":69}},"19":{"start":{"line":71,"column":40},"end":{"line":71,"column":53}},"20":{"start":{"line":73,"column":28},"end":{"line":79,"column":2}},"21":{"start":{"line":75,"column":48},"end":{"line":75,"column":69}},"22":{"start":{"line":76,"column":42},"end":{"line":76,"column":55}},"23":{"start":{"line":80,"column":25},"end":{"line":83,"column":2}}},"fnMap":{"0":{"name":"(anonymous_0)","decl":{"start":{"line":29,"column":34},"end":{"line":29,"column":35}},"loc":{"start":{"line":29,"column":40},"end":{"line":29,"column":53}},"line":29},"1":{"name":"(anonymous_1)","decl":{"start":{"line":30,"column":34},"end":{"line":30,"column":35}},"loc":{"start":{"line":30,"column":40},"end":{"line":30,"column":53}},"line":30},"2":{"name":"(anonymous_2)","decl":{"start":{"line":36,"column":20},"end":{"line":36,"column":21}},"loc":{"start":{"line":36,"column":26},"end":{"line":36,"column":39}},"line":36},"3":{"name":"(anonymous_3)","decl":{"start":{"line":38,"column":34},"end":{"line":38,"column":35}},"loc":{"start":{"line":38,"column":40},"end":{"line":38,"column":53}},"line":38},"4":{"name":"(anonymous_4)","decl":{"start":{"line":39,"column":34},"end":{"line":39,"column":35}},"loc":{"start":{"line":39,"column":40},"end":{"line":39,"column":53}},"line":39},"5":{"name":"(anonymous_5)","decl":{"start":{"line":44,"column":20},"end":{"line":44,"column":21}},"loc":{"start":{"line":44,"column":26},"end":{"line":44,"column":39}},"line":44},"6":{"name":"(anonymous_6)","decl":{"start":{"line":47,"column":20},"end":{"line":47,"column":21}},"loc":{"start":{"line":47,"column":26},"end":{"line":47,"column":39}},"line":47},"7":{"name":"(anonymous_7)","decl":{"start":{"line":58,"column":20},"end":{"line":58,"column":21}},"loc":{"start":{"line":58,"column":26},"end":{"line":58,"column":39}},"line":58},"8":{"name":"(anonymous_8)","decl":{"start":{"line":61,"column":20},"end":{"line":61,"column":21}},"loc":{"start":{"line":61,"column":26},"end":{"line":61,"column":44}},"line":61},"9":{"name":"(anonymous_9)","decl":{"start":{"line":70,"column":42},"end":{"line":70,"column":43}},"loc":{"start":{"line":70,"column":48},"end":{"line":70,"column":69}},"line":70},"10":{"name":"(anonymous_10)","decl":{"start":{"line":71,"column":34},"end":{"line":71,"column":35}},"loc":{"start":{"line":71,"column":40},"end":{"line":71,"column":53}},"line":71},"11":{"name":"(anonymous_11)","decl":{"start":{"line":75,"column":42},"end":{"line":75,"column":43}},"loc":{"start":{"line":75,"column":48},"end":{"line":75,"column":69}},"line":75},"12":{"name":"(anonymous_12)","decl":{"start":{"line":76,"column":36},"end":{"line":76,"column":37}},"loc":{"start":{"line":76,"column":42},"end":{"line":76,"column":55}},"line":76}},"branchMap":{},"s":{"0":7,"1":7,"2":7,"3":0,"4":0,"5":7,"6":0,"7":0,"8":0,"9":7,"10":0,"11":0,"12":7,"13":7,"14":0,"15":0,"16":7,"17":7,"18":0,"19":0,"20":7,"21":0,"22":0,"23":7},"f":{"0":0,"1":0,"2":0,"3":0,"4":0,"5":0,"6":0,"7":0,"8":0,"9":0,"10":0,"11":0,"12":0},"b":{},"meta":{"lastBranch":0,"lastFunction":13,"lastStatement":24,"seen":{"s:2:25:9:2":0,"s:10:25:24:2":1,"s:25:25:31:2":2,"f:29:34:29:35":0,"s:29:40:29:53":3,"f:30:34:30:35":1,"s:30:40:30:53":4,"s:32:28:40:2":5,"f:36:20:36:21":2,"s:36:26:36:39":6,"f:38:34:38:35":3,"s:38:40:38:53":7,"f:39:34:39:35":4,"s:39:40:39:53":8,"s:41:27:50:2":9,"f:44:20:44:21":5,"s:44:26:44:39":10,"f:47:20:47:21":6,"s:47:26:47:39":11,"s:51:30:54:2":12,"s:55:34:63:2":13,"f:58:20:58:21":7,"s:58:26:58:39":14,"f:61:20:61:21":8,"s:61:26:61:44":15,"s:64:33:67:2":16,"s:68:39:72:2":17,"f:70:42:70:43":9,"s:70:48:70:69":18,"f:71:34:71:35":10,"s:71:40:71:53":19,"s:73:28:79:2":20,"f:75:42:75:43":11,"s:75:48:75:69":21,"f:76:36:76:37":12,"s:76:42:76:55":22,"s:80:25:83:2":23}}}
,"C:\\Users\\lmrab\\Desktop\\Monorepo test\\apps\\server\\dist\\services\\categories.service.js": {"path":"C:\\Users\\lmrab\\Desktop\\Monorepo test\\apps\\server\\dist\\services\\categories.service.js","statementMap":{"0":{"start":{"line":5,"column":24},"end":{"line":95,"column":1}},"1":{"start":{"line":7,"column":8},"end":{"line":21,"column":null}},"2":{"start":{"line":8,"column":12},"end":{"line":10,"column":null}},"3":{"start":{"line":9,"column":16},"end":{"line":9,"column":null}},"4":{"start":{"line":11,"column":31},"end":{"line":14,"column":28}},"5":{"start":{"line":15,"column":12},"end":{"line":15,"column":null}},"6":{"start":{"line":18,"column":12},"end":{"line":19,"column":null}},"7":{"start":{"line":19,"column":16},"end":{"line":19,"column":null}},"8":{"start":{"line":20,"column":12},"end":{"line":20,"column":null}},"9":{"start":{"line":24,"column":8},"end":{"line":30,"column":null}},"10":{"start":{"line":25,"column":31},"end":{"line":25,"column":70}},"11":{"start":{"line":26,"column":12},"end":{"line":26,"column":null}},"12":{"start":{"line":29,"column":12},"end":{"line":29,"column":null}},"13":{"start":{"line":33,"column":8},"end":{"line":49,"column":null}},"14":{"start":{"line":34,"column":30},"end":{"line":34,"column":46}},"15":{"start":{"line":35,"column":31},"end":{"line":39,"column":25}},"16":{"start":{"line":40,"column":12},"end":{"line":42,"column":null}},"17":{"start":{"line":41,"column":16},"end":{"line":41,"column":null}},"18":{"start":{"line":43,"column":12},"end":{"line":43,"column":null}},"19":{"start":{"line":46,"column":12},"end":{"line":47,"column":null}},"20":{"start":{"line":47,"column":16},"end":{"line":47,"column":null}},"21":{"start":{"line":48,"column":12},"end":{"line":48,"column":null}},"22":{"start":{"line":52,"column":26},"end":{"line":52,"column":42}},"23":{"start":{"line":53,"column":8},"end":{"line":55,"column":null}},"24":{"start":{"line":54,"column":12},"end":{"line":54,"column":null}},"25":{"start":{"line":57,"column":29},"end":{"line":57,"column":31}},"26":{"start":{"line":58,"column":8},"end":{"line":63,"column":null}},"27":{"start":{"line":59,"column":12},"end":{"line":61,"column":null}},"28":{"start":{"line":60,"column":16},"end":{"line":60,"column":null}},"29":{"start":{"line":62,"column":12},"end":{"line":62,"column":null}},"30":{"start":{"line":64,"column":8},"end":{"line":66,"column":null}},"31":{"start":{"line":65,"column":12},"end":{"line":65,"column":null}},"32":{"start":{"line":67,"column":24},"end":{"line":71,"column":24}},"33":{"start":{"line":72,"column":8},"end":{"line":74,"column":null}},"34":{"start":{"line":73,"column":12},"end":{"line":73,"column":null}},"35":{"start":{"line":75,"column":8},"end":{"line":75,"column":null}},"36":{"start":{"line":78,"column":8},"end":{"line":93,"column":null}},"37":{"start":{"line":79,"column":30},"end":{"line":79,"column":46}},"38":{"start":{"line":80,"column":30},"end":{"line":83,"column":28}},"39":{"start":{"line":84,"column":12},"end":{"line":86,"column":null}},"40":{"start":{"line":85,"column":16},"end":{"line":85,"column":null}},"41":{"start":{"line":87,"column":12},"end":{"line":87,"column":null}},"42":{"start":{"line":90,"column":12},"end":{"line":91,"column":null}},"43":{"start":{"line":91,"column":16},"end":{"line":91,"column":null}},"44":{"start":{"line":92,"column":12},"end":{"line":92,"column":null}}},"fnMap":{"0":{"name":"(anonymous_0)","decl":{"start":{"line":6,"column":10},"end":{"line":6,"column":24}},"loc":{"start":{"line":6,"column":31},"end":{"line":22,"column":5}},"line":6},"1":{"name":"(anonymous_1)","decl":{"start":{"line":23,"column":10},"end":{"line":23,"column":27}},"loc":{"start":{"line":23,"column":30},"end":{"line":31,"column":5}},"line":23},"2":{"name":"(anonymous_2)","decl":{"start":{"line":32,"column":10},"end":{"line":32,"column":26}},"loc":{"start":{"line":32,"column":31},"end":{"line":50,"column":5}},"line":32},"3":{"name":"(anonymous_3)","decl":{"start":{"line":51,"column":10},"end":{"line":51,"column":20}},"loc":{"start":{"line":51,"column":31},"end":{"line":76,"column":5}},"line":51},"4":{"name":"(anonymous_4)","decl":{"start":{"line":77,"column":10},"end":{"line":77,"column":20}},"loc":{"start":{"line":77,"column":25},"end":{"line":94,"column":5}},"line":77}},"branchMap":{"0":{"loc":{"start":{"line":8,"column":12},"end":{"line":10,"column":null}},"type":"if","locations":[{"start":{"line":8,"column":12},"end":{"line":10,"column":null}},{"start":{},"end":{}}],"line":8},"1":{"loc":{"start":{"line":18,"column":12},"end":{"line":19,"column":null}},"type":"if","locations":[{"start":{"line":18,"column":12},"end":{"line":19,"column":null}},{"start":{},"end":{}}],"line":18},"2":{"loc":{"start":{"line":40,"column":12},"end":{"line":42,"column":null}},"type":"if","locations":[{"start":{"line":40,"column":12},"end":{"line":42,"column":null}},{"start":{},"end":{}}],"line":40},"3":{"loc":{"start":{"line":46,"column":12},"end":{"line":47,"column":null}},"type":"if","locations":[{"start":{"line":46,"column":12},"end":{"line":47,"column":null}},{"start":{},"end":{}}],"line":46},"4":{"loc":{"start":{"line":53,"column":8},"end":{"line":55,"column":null}},"type":"if","locations":[{"start":{"line":53,"column":8},"end":{"line":55,"column":null}},{"start":{},"end":{}}],"line":53},"5":{"loc":{"start":{"line":58,"column":8},"end":{"line":63,"column":null}},"type":"if","locations":[{"start":{"line":58,"column":8},"end":{"line":63,"column":null}},{"start":{},"end":{}}],"line":58},"6":{"loc":{"start":{"line":59,"column":12},"end":{"line":61,"column":null}},"type":"if","locations":[{"start":{"line":59,"column":12},"end":{"line":61,"column":null}},{"start":{},"end":{}}],"line":59},"7":{"loc":{"start":{"line":64,"column":8},"end":{"line":66,"column":null}},"type":"if","locations":[{"start":{"line":64,"column":8},"end":{"line":66,"column":null}},{"start":{},"end":{}}],"line":64},"8":{"loc":{"start":{"line":72,"column":8},"end":{"line":74,"column":null}},"type":"if","locations":[{"start":{"line":72,"column":8},"end":{"line":74,"column":null}},{"start":{},"end":{}}],"line":72},"9":{"loc":{"start":{"line":84,"column":12},"end":{"line":86,"column":null}},"type":"if","locations":[{"start":{"line":84,"column":12},"end":{"line":86,"column":null}},{"start":{},"end":{}}],"line":84},"10":{"loc":{"start":{"line":90,"column":12},"end":{"line":91,"column":null}},"type":"if","locations":[{"start":{"line":90,"column":12},"end":{"line":91,"column":null}},{"start":{},"end":{}}],"line":90}},"s":{"0":1,"1":2,"2":2,"3":1,"4":1,"5":1,"6":1,"7":1,"8":0,"9":0,"10":0,"11":0,"12":0,"13":1,"14":1,"15":1,"16":1,"17":0,"18":1,"19":0,"20":0,"21":0,"22":0,"23":0,"24":0,"25":0,"26":0,"27":0,"28":0,"29":0,"30":0,"31":0,"32":0,"33":0,"34":0,"35":0,"36":0,"37":0,"38":0,"39":0,"40":0,"41":0,"42":0,"43":0,"44":0},"f":{"0":2,"1":0,"2":1,"3":0,"4":0},"b":{"0":[1,1],"1":[1,0],"2":[0,1],"3":[0,0],"4":[0,0],"5":[0,0],"6":[0,0],"7":[0,0],"8":[0,0],"9":[0,0],"10":[0,0]},"meta":{"lastBranch":11,"lastFunction":5,"lastStatement":45,"seen":{"s:5:24:95:1":0,"f:6:10:6:24":0,"s:7:8:21:Infinity":1,"b:8:12:10:Infinity:undefined:undefined:undefined:undefined":0,"s:8:12:10:Infinity":2,"s:9:16:9:Infinity":3,"s:11:31:14:28":4,"s:15:12:15:Infinity":5,"b:18:12:19:Infinity:undefined:undefined:undefined:undefined":1,"s:18:12:19:Infinity":6,"s:19:16:19:Infinity":7,"s:20:12:20:Infinity":8,"f:23:10:23:27":1,"s:24:8:30:Infinity":9,"s:25:31:25:70":10,"s:26:12:26:Infinity":11,"s:29:12:29:Infinity":12,"f:32:10:32:26":2,"s:33:8:49:Infinity":13,"s:34:30:34:46":14,"s:35:31:39:25":15,"b:40:12:42:Infinity:undefined:undefined:undefined:undefined":2,"s:40:12:42:Infinity":16,"s:41:16:41:Infinity":17,"s:43:12:43:Infinity":18,"b:46:12:47:Infinity:undefined:undefined:undefined:undefined":3,"s:46:12:47:Infinity":19,"s:47:16:47:Infinity":20,"s:48:12:48:Infinity":21,"f:51:10:51:20":3,"s:52:26:52:42":22,"b:53:8:55:Infinity:undefined:undefined:undefined:undefined":4,"s:53:8:55:Infinity":23,"s:54:12:54:Infinity":24,"s:57:29:57:31":25,"b:58:8:63:Infinity:undefined:undefined:undefined:undefined":5,"s:58:8:63:Infinity":26,"b:59:12:61:Infinity:undefined:undefined:undefined:undefined":6,"s:59:12:61:Infinity":27,"s:60:16:60:Infinity":28,"s:62:12:62:Infinity":29,"b:64:8:66:Infinity:undefined:undefined:undefined:undefined":7,"s:64:8:66:Infinity":30,"s:65:12:65:Infinity":31,"s:67:24:71:24":32,"b:72:8:74:Infinity:undefined:undefined:undefined:undefined":8,"s:72:8:74:Infinity":33,"s:73:12:73:Infinity":34,"s:75:8:75:Infinity":35,"f:77:10:77:20":4,"s:78:8:93:Infinity":36,"s:79:30:79:46":37,"s:80:30:83:28":38,"b:84:12:86:Infinity:undefined:undefined:undefined:undefined":9,"s:84:12:86:Infinity":39,"s:85:16:85:Infinity":40,"s:87:12:87:Infinity":41,"b:90:12:91:Infinity:undefined:undefined:undefined:undefined":10,"s:90:12:91:Infinity":42,"s:91:16:91:Infinity":43,"s:92:12:92:Infinity":44}}}
,"C:\\Users\\lmrab\\Desktop\\Monorepo test\\apps\\server\\dist\\services\\comments.service.js": {"path":"C:\\Users\\lmrab\\Desktop\\Monorepo test\\apps\\server\\dist\\services\\comments.service.js","statementMap":{"0":{"start":{"line":5,"column":23},"end":{"line":81,"column":1}},"1":{"start":{"line":7,"column":8},"end":{"line":18,"column":null}},"2":{"start":{"line":8,"column":12},"end":{"line":10,"column":null}},"3":{"start":{"line":9,"column":16},"end":{"line":9,"column":null}},"4":{"start":{"line":11,"column":30},"end":{"line":11,"column":85}},"5":{"start":{"line":12,"column":12},"end":{"line":12,"column":null}},"6":{"start":{"line":15,"column":12},"end":{"line":16,"column":null}},"7":{"start":{"line":16,"column":16},"end":{"line":16,"column":null}},"8":{"start":{"line":17,"column":12},"end":{"line":17,"column":null}},"9":{"start":{"line":21,"column":8},"end":{"line":27,"column":null}},"10":{"start":{"line":22,"column":25},"end":{"line":22,"column":62}},"11":{"start":{"line":23,"column":12},"end":{"line":23,"column":null}},"12":{"start":{"line":26,"column":12},"end":{"line":26,"column":null}},"13":{"start":{"line":30,"column":8},"end":{"line":46,"column":null}},"14":{"start":{"line":31,"column":29},"end":{"line":31,"column":45}},"15":{"start":{"line":32,"column":30},"end":{"line":36,"column":25}},"16":{"start":{"line":37,"column":12},"end":{"line":39,"column":null}},"17":{"start":{"line":38,"column":16},"end":{"line":38,"column":null}},"18":{"start":{"line":40,"column":12},"end":{"line":40,"column":null}},"19":{"start":{"line":43,"column":12},"end":{"line":44,"column":null}},"20":{"start":{"line":44,"column":16},"end":{"line":44,"column":null}},"21":{"start":{"line":45,"column":12},"end":{"line":45,"column":null}},"22":{"start":{"line":49,"column":25},"end":{"line":49,"column":41}},"23":{"start":{"line":50,"column":8},"end":{"line":52,"column":null}},"24":{"start":{"line":51,"column":12},"end":{"line":51,"column":null}},"25":{"start":{"line":53,"column":24},"end":{"line":57,"column":24}},"26":{"start":{"line":58,"column":8},"end":{"line":60,"column":null}},"27":{"start":{"line":59,"column":12},"end":{"line":59,"column":null}},"28":{"start":{"line":61,"column":8},"end":{"line":61,"column":null}},"29":{"start":{"line":64,"column":8},"end":{"line":79,"column":null}},"30":{"start":{"line":65,"column":29},"end":{"line":65,"column":45}},"31":{"start":{"line":66,"column":30},"end":{"line":69,"column":28}},"32":{"start":{"line":70,"column":12},"end":{"line":72,"column":null}},"33":{"start":{"line":71,"column":16},"end":{"line":71,"column":null}},"34":{"start":{"line":73,"column":12},"end":{"line":73,"column":null}},"35":{"start":{"line":76,"column":12},"end":{"line":77,"column":null}},"36":{"start":{"line":77,"column":16},"end":{"line":77,"column":null}},"37":{"start":{"line":78,"column":12},"end":{"line":78,"column":null}}},"fnMap":{"0":{"name":"(anonymous_0)","decl":{"start":{"line":6,"column":10},"end":{"line":6,"column":23}},"loc":{"start":{"line":6,"column":30},"end":{"line":19,"column":5}},"line":6},"1":{"name":"(anonymous_1)","decl":{"start":{"line":20,"column":10},"end":{"line":20,"column":25}},"loc":{"start":{"line":20,"column":28},"end":{"line":28,"column":5}},"line":20},"2":{"name":"(anonymous_2)","decl":{"start":{"line":29,"column":10},"end":{"line":29,"column":25}},"loc":{"start":{"line":29,"column":30},"end":{"line":47,"column":5}},"line":29},"3":{"name":"(anonymous_3)","decl":{"start":{"line":48,"column":10},"end":{"line":48,"column":20}},"loc":{"start":{"line":48,"column":31},"end":{"line":62,"column":5}},"line":48},"4":{"name":"(anonymous_4)","decl":{"start":{"line":63,"column":10},"end":{"line":63,"column":20}},"loc":{"start":{"line":63,"column":25},"end":{"line":80,"column":5}},"line":63}},"branchMap":{"0":{"loc":{"start":{"line":8,"column":12},"end":{"line":10,"column":null}},"type":"if","locations":[{"start":{"line":8,"column":12},"end":{"line":10,"column":null}},{"start":{},"end":{}}],"line":8},"1":{"loc":{"start":{"line":8,"column":16},"end":{"line":8,"column":51}},"type":"binary-expr","locations":[{"start":{"line":8,"column":16},"end":{"line":8,"column":27}},{"start":{"line":8,"column":31},"end":{"line":8,"column":51}}],"line":8},"2":{"loc":{"start":{"line":15,"column":12},"end":{"line":16,"column":null}},"type":"if","locations":[{"start":{"line":15,"column":12},"end":{"line":16,"column":null}},{"start":{},"end":{}}],"line":15},"3":{"loc":{"start":{"line":37,"column":12},"end":{"line":39,"column":null}},"type":"if","locations":[{"start":{"line":37,"column":12},"end":{"line":39,"column":null}},{"start":{},"end":{}}],"line":37},"4":{"loc":{"start":{"line":43,"column":12},"end":{"line":44,"column":null}},"type":"if","locations":[{"start":{"line":43,"column":12},"end":{"line":44,"column":null}},{"start":{},"end":{}}],"line":43},"5":{"loc":{"start":{"line":50,"column":8},"end":{"line":52,"column":null}},"type":"if","locations":[{"start":{"line":50,"column":8},"end":{"line":52,"column":null}},{"start":{},"end":{}}],"line":50},"6":{"loc":{"start":{"line":58,"column":8},"end":{"line":60,"column":null}},"type":"if","locations":[{"start":{"line":58,"column":8},"end":{"line":60,"column":null}},{"start":{},"end":{}}],"line":58},"7":{"loc":{"start":{"line":70,"column":12},"end":{"line":72,"column":null}},"type":"if","locations":[{"start":{"line":70,"column":12},"end":{"line":72,"column":null}},{"start":{},"end":{}}],"line":70},"8":{"loc":{"start":{"line":76,"column":12},"end":{"line":77,"column":null}},"type":"if","locations":[{"start":{"line":76,"column":12},"end":{"line":77,"column":null}},{"start":{},"end":{}}],"line":76}},"s":{"0":1,"1":2,"2":2,"3":1,"4":1,"5":1,"6":1,"7":1,"8":0,"9":0,"10":0,"11":0,"12":0,"13":0,"14":0,"15":0,"16":0,"17":0,"18":0,"19":0,"20":0,"21":0,"22":0,"23":0,"24":0,"25":0,"26":0,"27":0,"28":0,"29":0,"30":0,"31":0,"32":0,"33":0,"34":0,"35":0,"36":0,"37":0},"f":{"0":2,"1":0,"2":0,"3":0,"4":0},"b":{"0":[1,1],"1":[2,2],"2":[1,0],"3":[0,0],"4":[0,0],"5":[0,0],"6":[0,0],"7":[0,0],"8":[0,0]},"meta":{"lastBranch":9,"lastFunction":5,"lastStatement":38,"seen":{"s:5:23:81:1":0,"f:6:10:6:23":0,"s:7:8:18:Infinity":1,"b:8:12:10:Infinity:undefined:undefined:undefined:undefined":0,"s:8:12:10:Infinity":2,"b:8:16:8:27:8:31:8:51":1,"s:9:16:9:Infinity":3,"s:11:30:11:85":4,"s:12:12:12:Infinity":5,"b:15:12:16:Infinity:undefined:undefined:undefined:undefined":2,"s:15:12:16:Infinity":6,"s:16:16:16:Infinity":7,"s:17:12:17:Infinity":8,"f:20:10:20:25":1,"s:21:8:27:Infinity":9,"s:22:25:22:62":10,"s:23:12:23:Infinity":11,"s:26:12:26:Infinity":12,"f:29:10:29:25":2,"s:30:8:46:Infinity":13,"s:31:29:31:45":14,"s:32:30:36:25":15,"b:37:12:39:Infinity:undefined:undefined:undefined:undefined":3,"s:37:12:39:Infinity":16,"s:38:16:38:Infinity":17,"s:40:12:40:Infinity":18,"b:43:12:44:Infinity:undefined:undefined:undefined:undefined":4,"s:43:12:44:Infinity":19,"s:44:16:44:Infinity":20,"s:45:12:45:Infinity":21,"f:48:10:48:20":3,"s:49:25:49:41":22,"b:50:8:52:Infinity:undefined:undefined:undefined:undefined":5,"s:50:8:52:Infinity":23,"s:51:12:51:Infinity":24,"s:53:24:57:24":25,"b:58:8:60:Infinity:undefined:undefined:undefined:undefined":6,"s:58:8:60:Infinity":26,"s:59:12:59:Infinity":27,"s:61:8:61:Infinity":28,"f:63:10:63:20":4,"s:64:8:79:Infinity":29,"s:65:29:65:45":30,"s:66:30:69:28":31,"b:70:12:72:Infinity:undefined:undefined:undefined:undefined":7,"s:70:12:72:Infinity":32,"s:71:16:71:Infinity":33,"s:73:12:73:Infinity":34,"b:76:12:77:Infinity:undefined:undefined:undefined:undefined":8,"s:76:12:77:Infinity":35,"s:77:16:77:Infinity":36,"s:78:12:78:Infinity":37}}}
,"C:\\Users\\lmrab\\Desktop\\Monorepo test\\apps\\server\\dist\\services\\conversations.service.js": {"path":"C:\\Users\\lmrab\\Desktop\\Monorepo test\\apps\\server\\dist\\services\\conversations.service.js","statementMap":{"0":{"start":{"line":6,"column":28},"end":{"line":37,"column":1}},"1":{"start":{"line":8,"column":8},"end":{"line":10,"column":null}},"2":{"start":{"line":9,"column":12},"end":{"line":9,"column":null}},"3":{"start":{"line":11,"column":31},"end":{"line":14,"column":24}},"4":{"start":{"line":15,"column":8},"end":{"line":18,"column":null}},"5":{"start":{"line":15,"column":83},"end":{"line":18,"column":9}},"6":{"start":{"line":19,"column":8},"end":{"line":19,"column":null}},"7":{"start":{"line":22,"column":18},"end":{"line":22,"column":77}},"8":{"start":{"line":23,"column":25},"end":{"line":26,"column":24}},"9":{"start":{"line":27,"column":8},"end":{"line":27,"column":null}},"10":{"start":{"line":30,"column":18},"end":{"line":30,"column":65}},"11":{"start":{"line":31,"column":30},"end":{"line":34,"column":60}},"12":{"start":{"line":35,"column":8},"end":{"line":35,"column":null}}},"fnMap":{"0":{"name":"(anonymous_0)","decl":{"start":{"line":7,"column":10},"end":{"line":7,"column":28}},"loc":{"start":{"line":7,"column":38},"end":{"line":20,"column":5}},"line":7},"1":{"name":"(anonymous_1)","decl":{"start":{"line":15,"column":69},"end":{"line":15,"column":70}},"loc":{"start":{"line":15,"column":83},"end":{"line":18,"column":9}},"line":15},"2":{"name":"(anonymous_2)","decl":{"start":{"line":21,"column":10},"end":{"line":21,"column":19}},"loc":{"start":{"line":21,"column":44},"end":{"line":28,"column":5}},"line":21},"3":{"name":"(anonymous_3)","decl":{"start":{"line":29,"column":10},"end":{"line":29,"column":25}},"loc":{"start":{"line":29,"column":34},"end":{"line":36,"column":5}},"line":29}},"branchMap":{"0":{"loc":{"start":{"line":8,"column":8},"end":{"line":10,"column":null}},"type":"if","locations":[{"start":{"line":8,"column":8},"end":{"line":10,"column":null}},{"start":{},"end":{}}],"line":8},"1":{"loc":{"start":{"line":8,"column":12},"end":{"line":8,"column":42}},"type":"binary-expr","locations":[{"start":{"line":8,"column":12},"end":{"line":8,"column":20}},{"start":{"line":8,"column":24},"end":{"line":8,"column":42}}],"line":8}},"s":{"0":1,"1":2,"2":1,"3":1,"4":1,"5":2,"6":1,"7":0,"8":0,"9":0,"10":0,"11":0,"12":0},"f":{"0":2,"1":2,"2":0,"3":0},"b":{"0":[1,1],"1":[2,2]},"meta":{"lastBranch":2,"lastFunction":4,"lastStatement":13,"seen":{"s:6:28:37:1":0,"f:7:10:7:28":0,"b:8:8:10:Infinity:undefined:undefined:undefined:undefined":0,"s:8:8:10:Infinity":1,"b:8:12:8:20:8:24:8:42":1,"s:9:12:9:Infinity":2,"s:11:31:14:24":3,"s:15:8:18:Infinity":4,"f:15:69:15:70":1,"s:15:83:18:9":5,"s:19:8:19:Infinity":6,"f:21:10:21:19":2,"s:22:18:22:77":7,"s:23:25:26:24":8,"s:27:8:27:Infinity":9,"f:29:10:29:25":3,"s:30:18:30:65":10,"s:31:30:34:60":11,"s:35:8:35:Infinity":12}}}
,"C:\\Users\\lmrab\\Desktop\\Monorepo test\\apps\\server\\dist\\services\\films.service.js": {"path":"C:\\Users\\lmrab\\Desktop\\Monorepo test\\apps\\server\\dist\\services\\films.service.js","statementMap":{"0":{"start":{"line":6,"column":20},"end":{"line":174,"column":1}},"1":{"start":{"line":8,"column":8},"end":{"line":19,"column":null}},"2":{"start":{"line":9,"column":12},"end":{"line":11,"column":null}},"3":{"start":{"line":10,"column":16},"end":{"line":10,"column":null}},"4":{"start":{"line":12,"column":30},"end":{"line":12,"column":55}},"5":{"start":{"line":13,"column":27},"end":{"line":13,"column":85}},"6":{"start":{"line":14,"column":12},"end":{"line":14,"column":null}},"7":{"start":{"line":17,"column":12},"end":{"line":18,"column":null}},"8":{"start":{"line":18,"column":16},"end":{"line":18,"column":null}},"9":{"start":{"line":22,"column":8},"end":{"line":36,"column":null}},"10":{"start":{"line":23,"column":26},"end":{"line":23,"column":60}},"11":{"start":{"line":24,"column":26},"end":{"line":24,"column":60}},"12":{"start":{"line":25,"column":29},"end":{"line":25,"column":66}},"13":{"start":{"line":26,"column":28},"end":{"line":26,"column":64}},"14":{"start":{"line":27,"column":12},"end":{"line":32,"column":null}},"15":{"start":{"line":27,"column":40},"end":{"line":32,"column":13}},"16":{"start":{"line":29,"column":43},"end":{"line":29,"column":64}},"17":{"start":{"line":30,"column":49},"end":{"line":30,"column":70}},"18":{"start":{"line":31,"column":47},"end":{"line":31,"column":68}},"19":{"start":{"line":35,"column":12},"end":{"line":35,"column":null}},"20":{"start":{"line":39,"column":22},"end":{"line":39,"column":38}},"21":{"start":{"line":40,"column":8},"end":{"line":42,"column":null}},"22":{"start":{"line":41,"column":12},"end":{"line":41,"column":null}},"23":{"start":{"line":43,"column":28},"end":{"line":43,"column":53}},"24":{"start":{"line":44,"column":28},"end":{"line":48,"column":24}},"25":{"start":{"line":49,"column":8},"end":{"line":51,"column":null}},"26":{"start":{"line":50,"column":12},"end":{"line":50,"column":null}},"27":{"start":{"line":52,"column":8},"end":{"line":52,"column":null}},"28":{"start":{"line":55,"column":8},"end":{"line":81,"column":null}},"29":{"start":{"line":56,"column":26},"end":{"line":56,"column":42}},"30":{"start":{"line":57,"column":27},"end":{"line":61,"column":25}},"31":{"start":{"line":62,"column":12},"end":{"line":64,"column":null}},"32":{"start":{"line":63,"column":16},"end":{"line":63,"column":null}},"33":{"start":{"line":65,"column":47},"end":{"line":69,"column":14}},"34":{"start":{"line":70,"column":12},"end":{"line":75,"column":null}},"35":{"start":{"line":78,"column":12},"end":{"line":79,"column":null}},"36":{"start":{"line":79,"column":16},"end":{"line":79,"column":null}},"37":{"start":{"line":80,"column":12},"end":{"line":80,"column":null}},"38":{"start":{"line":84,"column":8},"end":{"line":99,"column":null}},"39":{"start":{"line":85,"column":26},"end":{"line":85,"column":42}},"40":{"start":{"line":86,"column":32},"end":{"line":89,"column":28}},"41":{"start":{"line":90,"column":12},"end":{"line":92,"column":null}},"42":{"start":{"line":91,"column":16},"end":{"line":91,"column":null}},"43":{"start":{"line":93,"column":12},"end":{"line":93,"column":null}},"44":{"start":{"line":96,"column":12},"end":{"line":97,"column":null}},"45":{"start":{"line":97,"column":16},"end":{"line":97,"column":null}},"46":{"start":{"line":98,"column":12},"end":{"line":98,"column":null}},"47":{"start":{"line":102,"column":8},"end":{"line":136,"column":null}},"48":{"start":{"line":103,"column":12},"end":{"line":105,"column":null}},"49":{"start":{"line":104,"column":16},"end":{"line":104,"column":null}},"50":{"start":{"line":106,"column":26},"end":{"line":106,"column":42}},"51":{"start":{"line":107,"column":27},"end":{"line":111,"column":25}},"52":{"start":{"line":112,"column":12},"end":{"line":114,"column":null}},"53":{"start":{"line":113,"column":16},"end":{"line":113,"column":null}},"54":{"start":{"line":115,"column":39},"end":{"line":115,"column":60}},"55":{"start":{"line":116,"column":28},"end":{"line":116,"column":47}},"56":{"start":{"line":117,"column":12},"end":{"line":119,"column":null}},"57":{"start":{"line":118,"column":16},"end":{"line":118,"column":null}},"58":{"start":{"line":121,"column":12},"end":{"line":123,"column":null}},"59":{"start":{"line":122,"column":16},"end":{"line":122,"column":null}},"60":{"start":{"line":124,"column":38},"end":{"line":124,"column":70}},"61":{"start":{"line":125,"column":34},"end":{"line":129,"column":28}},"62":{"start":{"line":130,"column":12},"end":{"line":130,"column":null}},"63":{"start":{"line":133,"column":12},"end":{"line":134,"column":null}},"64":{"start":{"line":134,"column":16},"end":{"line":134,"column":null}},"65":{"start":{"line":135,"column":12},"end":{"line":135,"column":null}},"66":{"start":{"line":139,"column":8},"end":{"line":172,"column":null}},"67":{"start":{"line":140,"column":12},"end":{"line":142,"column":null}},"68":{"start":{"line":141,"column":16},"end":{"line":141,"column":null}},"69":{"start":{"line":143,"column":26},"end":{"line":143,"column":42}},"70":{"start":{"line":144,"column":27},"end":{"line":148,"column":25}},"71":{"start":{"line":149,"column":12},"end":{"line":151,"column":null}},"72":{"start":{"line":150,"column":16},"end":{"line":150,"column":null}},"73":{"start":{"line":152,"column":39},"end":{"line":152,"column":60}},"74":{"start":{"line":153,"column":28},"end":{"line":153,"column":47}},"75":{"start":{"line":154,"column":12},"end":{"line":156,"column":null}},"76":{"start":{"line":155,"column":16},"end":{"line":155,"column":null}},"77":{"start":{"line":157,"column":12},"end":{"line":159,"column":null}},"78":{"start":{"line":158,"column":16},"end":{"line":158,"column":null}},"79":{"start":{"line":160,"column":38},"end":{"line":160,"column":85}},"80":{"start":{"line":160,"column":71},"end":{"line":160,"column":84}},"81":{"start":{"line":161,"column":34},"end":{"line":165,"column":28}},"82":{"start":{"line":166,"column":12},"end":{"line":166,"column":null}},"83":{"start":{"line":169,"column":12},"end":{"line":170,"column":null}},"84":{"start":{"line":170,"column":16},"end":{"line":170,"column":null}},"85":{"start":{"line":171,"column":12},"end":{"line":171,"column":null}}},"fnMap":{"0":{"name":"(anonymous_0)","decl":{"start":{"line":7,"column":10},"end":{"line":7,"column":20}},"loc":{"start":{"line":7,"column":27},"end":{"line":20,"column":5}},"line":7},"1":{"name":"(anonymous_1)","decl":{"start":{"line":21,"column":10},"end":{"line":21,"column":22}},"loc":{"start":{"line":21,"column":25},"end":{"line":37,"column":5}},"line":21},"2":{"name":"(anonymous_2)","decl":{"start":{"line":27,"column":29},"end":{"line":27,"column":30}},"loc":{"start":{"line":27,"column":40},"end":{"line":32,"column":13}},"line":27},"3":{"name":"(anonymous_3)","decl":{"start":{"line":29,"column":36},"end":{"line":29,"column":37}},"loc":{"start":{"line":29,"column":43},"end":{"line":29,"column":64}},"line":29},"4":{"name":"(anonymous_4)","decl":{"start":{"line":30,"column":42},"end":{"line":30,"column":43}},"loc":{"start":{"line":30,"column":49},"end":{"line":30,"column":70}},"line":30},"5":{"name":"(anonymous_5)","decl":{"start":{"line":31,"column":40},"end":{"line":31,"column":41}},"loc":{"start":{"line":31,"column":47},"end":{"line":31,"column":68}},"line":31},"6":{"name":"(anonymous_6)","decl":{"start":{"line":38,"column":10},"end":{"line":38,"column":20}},"loc":{"start":{"line":38,"column":31},"end":{"line":53,"column":5}},"line":38},"7":{"name":"(anonymous_7)","decl":{"start":{"line":54,"column":10},"end":{"line":54,"column":22}},"loc":{"start":{"line":54,"column":27},"end":{"line":82,"column":5}},"line":54},"8":{"name":"(anonymous_8)","decl":{"start":{"line":83,"column":10},"end":{"line":83,"column":20}},"loc":{"start":{"line":83,"column":25},"end":{"line":100,"column":5}},"line":83},"9":{"name":"(anonymous_9)","decl":{"start":{"line":101,"column":10},"end":{"line":101,"column":27}},"loc":{"start":{"line":101,"column":46},"end":{"line":137,"column":5}},"line":101},"10":{"name":"(anonymous_10)","decl":{"start":{"line":138,"column":10},"end":{"line":138,"column":32}},"loc":{"start":{"line":138,"column":51},"end":{"line":173,"column":5}},"line":138},"11":{"name":"(anonymous_11)","decl":{"start":{"line":160,"column":64},"end":{"line":160,"column":65}},"loc":{"start":{"line":160,"column":71},"end":{"line":160,"column":84}},"line":160}},"branchMap":{"0":{"loc":{"start":{"line":9,"column":12},"end":{"line":11,"column":null}},"type":"if","locations":[{"start":{"line":9,"column":12},"end":{"line":11,"column":null}},{"start":{},"end":{}}],"line":9},"1":{"loc":{"start":{"line":9,"column":16},"end":{"line":9,"column":48}},"type":"binary-expr","locations":[{"start":{"line":9,"column":16},"end":{"line":9,"column":27}},{"start":{"line":9,"column":31},"end":{"line":9,"column":48}}],"line":9},"2":{"loc":{"start":{"line":17,"column":12},"end":{"line":18,"column":null}},"type":"if","locations":[{"start":{"line":17,"column":12},"end":{"line":18,"column":null}},{"start":{},"end":{}}],"line":17},"3":{"loc":{"start":{"line":40,"column":8},"end":{"line":42,"column":null}},"type":"if","locations":[{"start":{"line":40,"column":8},"end":{"line":42,"column":null}},{"start":{},"end":{}}],"line":40},"4":{"loc":{"start":{"line":49,"column":8},"end":{"line":51,"column":null}},"type":"if","locations":[{"start":{"line":49,"column":8},"end":{"line":51,"column":null}},{"start":{},"end":{}}],"line":49},"5":{"loc":{"start":{"line":62,"column":12},"end":{"line":64,"column":null}},"type":"if","locations":[{"start":{"line":62,"column":12},"end":{"line":64,"column":null}},{"start":{},"end":{}}],"line":62},"6":{"loc":{"start":{"line":78,"column":12},"end":{"line":79,"column":null}},"type":"if","locations":[{"start":{"line":78,"column":12},"end":{"line":79,"column":null}},{"start":{},"end":{}}],"line":78},"7":{"loc":{"start":{"line":90,"column":12},"end":{"line":92,"column":null}},"type":"if","locations":[{"start":{"line":90,"column":12},"end":{"line":92,"column":null}},{"start":{},"end":{}}],"line":90},"8":{"loc":{"start":{"line":96,"column":12},"end":{"line":97,"column":null}},"type":"if","locations":[{"start":{"line":96,"column":12},"end":{"line":97,"column":null}},{"start":{},"end":{}}],"line":96},"9":{"loc":{"start":{"line":103,"column":12},"end":{"line":105,"column":null}},"type":"if","locations":[{"start":{"line":103,"column":12},"end":{"line":105,"column":null}},{"start":{},"end":{}}],"line":103},"10":{"loc":{"start":{"line":103,"column":16},"end":{"line":103,"column":65}},"type":"binary-expr","locations":[{"start":{"line":103,"column":16},"end":{"line":103,"column":29}},{"start":{"line":103,"column":33},"end":{"line":103,"column":65}}],"line":103},"11":{"loc":{"start":{"line":112,"column":12},"end":{"line":114,"column":null}},"type":"if","locations":[{"start":{"line":112,"column":12},"end":{"line":114,"column":null}},{"start":{},"end":{}}],"line":112},"12":{"loc":{"start":{"line":115,"column":39},"end":{"line":115,"column":60}},"type":"binary-expr","locations":[{"start":{"line":115,"column":39},"end":{"line":115,"column":54}},{"start":{"line":115,"column":58},"end":{"line":115,"column":60}}],"line":115},"13":{"loc":{"start":{"line":117,"column":12},"end":{"line":119,"column":null}},"type":"if","locations":[{"start":{"line":117,"column":12},"end":{"line":119,"column":null}},{"start":{},"end":{}}],"line":117},"14":{"loc":{"start":{"line":121,"column":12},"end":{"line":123,"column":null}},"type":"if","locations":[{"start":{"line":121,"column":12},"end":{"line":123,"column":null}},{"start":{},"end":{}}],"line":121},"15":{"loc":{"start":{"line":133,"column":12},"end":{"line":134,"column":null}},"type":"if","locations":[{"start":{"line":133,"column":12},"end":{"line":134,"column":null}},{"start":{},"end":{}}],"line":133},"16":{"loc":{"start":{"line":140,"column":12},"end":{"line":142,"column":null}},"type":"if","locations":[{"start":{"line":140,"column":12},"end":{"line":142,"column":null}},{"start":{},"end":{}}],"line":140},"17":{"loc":{"start":{"line":140,"column":16},"end":{"line":140,"column":65}},"type":"binary-expr","locations":[{"start":{"line":140,"column":16},"end":{"line":140,"column":29}},{"start":{"line":140,"column":33},"end":{"line":140,"column":65}}],"line":140},"18":{"loc":{"start":{"line":149,"column":12},"end":{"line":151,"column":null}},"type":"if","locations":[{"start":{"line":149,"column":12},"end":{"line":151,"column":null}},{"start":{},"end":{}}],"line":149},"19":{"loc":{"start":{"line":152,"column":39},"end":{"line":152,"column":60}},"type":"binary-expr","locations":[{"start":{"line":152,"column":39},"end":{"line":152,"column":54}},{"start":{"line":152,"column":58},"end":{"line":152,"column":60}}],"line":152},"20":{"loc":{"start":{"line":154,"column":12},"end":{"line":156,"column":null}},"type":"if","locations":[{"start":{"line":154,"column":12},"end":{"line":156,"column":null}},{"start":{},"end":{}}],"line":154},"21":{"loc":{"start":{"line":157,"column":12},"end":{"line":159,"column":null}},"type":"if","locations":[{"start":{"line":157,"column":12},"end":{"line":159,"column":null}},{"start":{},"end":{}}],"line":157},"22":{"loc":{"start":{"line":169,"column":12},"end":{"line":170,"column":null}},"type":"if","locations":[{"start":{"line":169,"column":12},"end":{"line":170,"column":null}},{"start":{},"end":{}}],"line":169}},"s":{"0":1,"1":2,"2":2,"3":1,"4":1,"5":1,"6":1,"7":1,"8":1,"9":0,"10":0,"11":0,"12":0,"13":0,"14":0,"15":0,"16":0,"17":0,"18":0,"19":0,"20":0,"21":0,"22":0,"23":0,"24":0,"25":0,"26":0,"27":0,"28":1,"29":1,"30":1,"31":1,"32":0,"33":1,"34":1,"35":0,"36":0,"37":0,"38":0,"39":0,"40":0,"41":0,"42":0,"43":0,"44":0,"45":0,"46":0,"47":0,"48":0,"49":0,"50":0,"51":0,"52":0,"53":0,"54":0,"55":0,"56":0,"57":0,"58":0,"59":0,"60":0,"61":0,"62":0,"63":0,"64":0,"65":0,"66":0,"67":0,"68":0,"69":0,"70":0,"71":0,"72":0,"73":0,"74":0,"75":0,"76":0,"77":0,"78":0,"79":0,"80":0,"81":0,"82":0,"83":0,"84":0,"85":0},"f":{"0":2,"1":0,"2":0,"3":0,"4":0,"5":0,"6":0,"7":1,"8":0,"9":0,"10":0,"11":0},"b":{"0":[1,1],"1":[2,2],"2":[1,0],"3":[0,0],"4":[0,0],"5":[0,1],"6":[0,0],"7":[0,0],"8":[0,0],"9":[0,0],"10":[0,0],"11":[0,0],"12":[0,0],"13":[0,0],"14":[0,0],"15":[0,0],"16":[0,0],"17":[0,0],"18":[0,0],"19":[0,0],"20":[0,0],"21":[0,0],"22":[0,0]},"meta":{"lastBranch":23,"lastFunction":12,"lastStatement":86,"seen":{"s:6:20:174:1":0,"f:7:10:7:20":0,"s:8:8:19:Infinity":1,"b:9:12:11:Infinity:undefined:undefined:undefined:undefined":0,"s:9:12:11:Infinity":2,"b:9:16:9:27:9:31:9:48":1,"s:10:16:10:Infinity":3,"s:12:30:12:55":4,"s:13:27:13:85":5,"s:14:12:14:Infinity":6,"b:17:12:18:Infinity:undefined:undefined:undefined:undefined":2,"s:17:12:18:Infinity":7,"s:18:16:18:Infinity":8,"f:21:10:21:22":1,"s:22:8:36:Infinity":9,"s:23:26:23:60":10,"s:24:26:24:60":11,"s:25:29:25:66":12,"s:26:28:26:64":13,"s:27:12:32:Infinity":14,"f:27:29:27:30":2,"s:27:40:32:13":15,"f:29:36:29:37":3,"s:29:43:29:64":16,"f:30:42:30:43":4,"s:30:49:30:70":17,"f:31:40:31:41":5,"s:31:47:31:68":18,"s:35:12:35:Infinity":19,"f:38:10:38:20":6,"s:39:22:39:38":20,"b:40:8:42:Infinity:undefined:undefined:undefined:undefined":3,"s:40:8:42:Infinity":21,"s:41:12:41:Infinity":22,"s:43:28:43:53":23,"s:44:28:48:24":24,"b:49:8:51:Infinity:undefined:undefined:undefined:undefined":4,"s:49:8:51:Infinity":25,"s:50:12:50:Infinity":26,"s:52:8:52:Infinity":27,"f:54:10:54:22":7,"s:55:8:81:Infinity":28,"s:56:26:56:42":29,"s:57:27:61:25":30,"b:62:12:64:Infinity:undefined:undefined:undefined:undefined":5,"s:62:12:64:Infinity":31,"s:63:16:63:Infinity":32,"s:65:47:69:14":33,"s:70:12:75:Infinity":34,"b:78:12:79:Infinity:undefined:undefined:undefined:undefined":6,"s:78:12:79:Infinity":35,"s:79:16:79:Infinity":36,"s:80:12:80:Infinity":37,"f:83:10:83:20":8,"s:84:8:99:Infinity":38,"s:85:26:85:42":39,"s:86:32:89:28":40,"b:90:12:92:Infinity:undefined:undefined:undefined:undefined":7,"s:90:12:92:Infinity":41,"s:91:16:91:Infinity":42,"s:93:12:93:Infinity":43,"b:96:12:97:Infinity:undefined:undefined:undefined:undefined":8,"s:96:12:97:Infinity":44,"s:97:16:97:Infinity":45,"s:98:12:98:Infinity":46,"f:101:10:101:27":9,"s:102:8:136:Infinity":47,"b:103:12:105:Infinity:undefined:undefined:undefined:undefined":9,"s:103:12:105:Infinity":48,"b:103:16:103:29:103:33:103:65":10,"s:104:16:104:Infinity":49,"s:106:26:106:42":50,"s:107:27:111:25":51,"b:112:12:114:Infinity:undefined:undefined:undefined:undefined":11,"s:112:12:114:Infinity":52,"s:113:16:113:Infinity":53,"s:115:39:115:60":54,"b:115:39:115:54:115:58:115:60":12,"s:116:28:116:47":55,"b:117:12:119:Infinity:undefined:undefined:undefined:undefined":13,"s:117:12:119:Infinity":56,"s:118:16:118:Infinity":57,"b:121:12:123:Infinity:undefined:undefined:undefined:undefined":14,"s:121:12:123:Infinity":58,"s:122:16:122:Infinity":59,"s:124:38:124:70":60,"s:125:34:129:28":61,"s:130:12:130:Infinity":62,"b:133:12:134:Infinity:undefined:undefined:undefined:undefined":15,"s:133:12:134:Infinity":63,"s:134:16:134:Infinity":64,"s:135:12:135:Infinity":65,"f:138:10:138:32":10,"s:139:8:172:Infinity":66,"b:140:12:142:Infinity:undefined:undefined:undefined:undefined":16,"s:140:12:142:Infinity":67,"b:140:16:140:29:140:33:140:65":17,"s:141:16:141:Infinity":68,"s:143:26:143:42":69,"s:144:27:148:25":70,"b:149:12:151:Infinity:undefined:undefined:undefined:undefined":18,"s:149:12:151:Infinity":71,"s:150:16:150:Infinity":72,"s:152:39:152:60":73,"b:152:39:152:54:152:58:152:60":19,"s:153:28:153:47":74,"b:154:12:156:Infinity:undefined:undefined:undefined:undefined":20,"s:154:12:156:Infinity":75,"s:155:16:155:Infinity":76,"b:157:12:159:Infinity:undefined:undefined:undefined:undefined":21,"s:157:12:159:Infinity":77,"s:158:16:158:Infinity":78,"s:160:38:160:85":79,"f:160:64:160:65":11,"s:160:71:160:84":80,"s:161:34:165:28":81,"s:166:12:166:Infinity":82,"b:169:12:170:Infinity:undefined:undefined:undefined:undefined":22,"s:169:12:170:Infinity":83,"s:170:16:170:Infinity":84,"s:171:12:171:Infinity":85}}}
,"C:\\Users\\lmrab\\Desktop\\Monorepo test\\apps\\server\\dist\\services\\posts.service.js": {"path":"C:\\Users\\lmrab\\Desktop\\Monorepo test\\apps\\server\\dist\\services\\posts.service.js","statementMap":{"0":{"start":{"line":5,"column":20},"end":{"line":92,"column":1}},"1":{"start":{"line":7,"column":8},"end":{"line":18,"column":null}},"2":{"start":{"line":8,"column":12},"end":{"line":10,"column":null}},"3":{"start":{"line":9,"column":16},"end":{"line":9,"column":null}},"4":{"start":{"line":11,"column":27},"end":{"line":11,"column":79}},"5":{"start":{"line":12,"column":12},"end":{"line":12,"column":null}},"6":{"start":{"line":15,"column":12},"end":{"line":16,"column":null}},"7":{"start":{"line":16,"column":16},"end":{"line":16,"column":null}},"8":{"start":{"line":17,"column":12},"end":{"line":17,"column":null}},"9":{"start":{"line":21,"column":8},"end":{"line":31,"column":null}},"10":{"start":{"line":22,"column":26},"end":{"line":22,"column":60}},"11":{"start":{"line":23,"column":29},"end":{"line":23,"column":66}},"12":{"start":{"line":24,"column":12},"end":{"line":27,"column":null}},"13":{"start":{"line":24,"column":40},"end":{"line":27,"column":13}},"14":{"start":{"line":26,"column":49},"end":{"line":26,"column":70}},"15":{"start":{"line":30,"column":12},"end":{"line":30,"column":null}},"16":{"start":{"line":34,"column":8},"end":{"line":57,"column":null}},"17":{"start":{"line":35,"column":26},"end":{"line":35,"column":42}},"18":{"start":{"line":36,"column":27},"end":{"line":40,"column":25}},"19":{"start":{"line":41,"column":12},"end":{"line":43,"column":null}},"20":{"start":{"line":42,"column":16},"end":{"line":42,"column":null}},"21":{"start":{"line":44,"column":29},"end":{"line":47,"column":57}},"22":{"start":{"line":48,"column":12},"end":{"line":51,"column":null}},"23":{"start":{"line":54,"column":12},"end":{"line":55,"column":null}},"24":{"start":{"line":55,"column":16},"end":{"line":55,"column":null}},"25":{"start":{"line":56,"column":12},"end":{"line":56,"column":null}},"26":{"start":{"line":60,"column":22},"end":{"line":60,"column":38}},"27":{"start":{"line":61,"column":8},"end":{"line":63,"column":null}},"28":{"start":{"line":62,"column":12},"end":{"line":62,"column":null}},"29":{"start":{"line":64,"column":24},"end":{"line":68,"column":24}},"30":{"start":{"line":69,"column":8},"end":{"line":71,"column":null}},"31":{"start":{"line":70,"column":12},"end":{"line":70,"column":null}},"32":{"start":{"line":72,"column":8},"end":{"line":72,"column":null}},"33":{"start":{"line":75,"column":8},"end":{"line":90,"column":null}},"34":{"start":{"line":76,"column":26},"end":{"line":76,"column":42}},"35":{"start":{"line":77,"column":30},"end":{"line":80,"column":28}},"36":{"start":{"line":81,"column":12},"end":{"line":83,"column":null}},"37":{"start":{"line":82,"column":16},"end":{"line":82,"column":null}},"38":{"start":{"line":84,"column":12},"end":{"line":84,"column":null}},"39":{"start":{"line":87,"column":12},"end":{"line":88,"column":null}},"40":{"start":{"line":88,"column":16},"end":{"line":88,"column":null}},"41":{"start":{"line":89,"column":12},"end":{"line":89,"column":null}}},"fnMap":{"0":{"name":"(anonymous_0)","decl":{"start":{"line":6,"column":10},"end":{"line":6,"column":20}},"loc":{"start":{"line":6,"column":27},"end":{"line":19,"column":5}},"line":6},"1":{"name":"(anonymous_1)","decl":{"start":{"line":20,"column":10},"end":{"line":20,"column":22}},"loc":{"start":{"line":20,"column":25},"end":{"line":32,"column":5}},"line":20},"2":{"name":"(anonymous_2)","decl":{"start":{"line":24,"column":29},"end":{"line":24,"column":30}},"loc":{"start":{"line":24,"column":40},"end":{"line":27,"column":13}},"line":24},"3":{"name":"(anonymous_3)","decl":{"start":{"line":26,"column":42},"end":{"line":26,"column":43}},"loc":{"start":{"line":26,"column":49},"end":{"line":26,"column":70}},"line":26},"4":{"name":"(anonymous_4)","decl":{"start":{"line":33,"column":10},"end":{"line":33,"column":22}},"loc":{"start":{"line":33,"column":27},"end":{"line":58,"column":5}},"line":33},"5":{"name":"(anonymous_5)","decl":{"start":{"line":59,"column":10},"end":{"line":59,"column":20}},"loc":{"start":{"line":59,"column":31},"end":{"line":73,"column":5}},"line":59},"6":{"name":"(anonymous_6)","decl":{"start":{"line":74,"column":10},"end":{"line":74,"column":20}},"loc":{"start":{"line":74,"column":25},"end":{"line":91,"column":5}},"line":74}},"branchMap":{"0":{"loc":{"start":{"line":8,"column":12},"end":{"line":10,"column":null}},"type":"if","locations":[{"start":{"line":8,"column":12},"end":{"line":10,"column":null}},{"start":{},"end":{}}],"line":8},"1":{"loc":{"start":{"line":15,"column":12},"end":{"line":16,"column":null}},"type":"if","locations":[{"start":{"line":15,"column":12},"end":{"line":16,"column":null}},{"start":{},"end":{}}],"line":15},"2":{"loc":{"start":{"line":41,"column":12},"end":{"line":43,"column":null}},"type":"if","locations":[{"start":{"line":41,"column":12},"end":{"line":43,"column":null}},{"start":{},"end":{}}],"line":41},"3":{"loc":{"start":{"line":54,"column":12},"end":{"line":55,"column":null}},"type":"if","locations":[{"start":{"line":54,"column":12},"end":{"line":55,"column":null}},{"start":{},"end":{}}],"line":54},"4":{"loc":{"start":{"line":61,"column":8},"end":{"line":63,"column":null}},"type":"if","locations":[{"start":{"line":61,"column":8},"end":{"line":63,"column":null}},{"start":{},"end":{}}],"line":61},"5":{"loc":{"start":{"line":69,"column":8},"end":{"line":71,"column":null}},"type":"if","locations":[{"start":{"line":69,"column":8},"end":{"line":71,"column":null}},{"start":{},"end":{}}],"line":69},"6":{"loc":{"start":{"line":81,"column":12},"end":{"line":83,"column":null}},"type":"if","locations":[{"start":{"line":81,"column":12},"end":{"line":83,"column":null}},{"start":{},"end":{}}],"line":81},"7":{"loc":{"start":{"line":87,"column":12},"end":{"line":88,"column":null}},"type":"if","locations":[{"start":{"line":87,"column":12},"end":{"line":88,"column":null}},{"start":{},"end":{}}],"line":87}},"s":{"0":1,"1":2,"2":2,"3":1,"4":1,"5":1,"6":1,"7":1,"8":0,"9":0,"10":0,"11":0,"12":0,"13":0,"14":0,"15":0,"16":0,"17":0,"18":0,"19":0,"20":0,"21":0,"22":0,"23":0,"24":0,"25":0,"26":0,"27":0,"28":0,"29":0,"30":0,"31":0,"32":0,"33":0,"34":0,"35":0,"36":0,"37":0,"38":0,"39":0,"40":0,"41":0},"f":{"0":2,"1":0,"2":0,"3":0,"4":0,"5":0,"6":0},"b":{"0":[1,1],"1":[1,0],"2":[0,0],"3":[0,0],"4":[0,0],"5":[0,0],"6":[0,0],"7":[0,0]},"meta":{"lastBranch":8,"lastFunction":7,"lastStatement":42,"seen":{"s:5:20:92:1":0,"f:6:10:6:20":0,"s:7:8:18:Infinity":1,"b:8:12:10:Infinity:undefined:undefined:undefined:undefined":0,"s:8:12:10:Infinity":2,"s:9:16:9:Infinity":3,"s:11:27:11:79":4,"s:12:12:12:Infinity":5,"b:15:12:16:Infinity:undefined:undefined:undefined:undefined":1,"s:15:12:16:Infinity":6,"s:16:16:16:Infinity":7,"s:17:12:17:Infinity":8,"f:20:10:20:22":1,"s:21:8:31:Infinity":9,"s:22:26:22:60":10,"s:23:29:23:66":11,"s:24:12:27:Infinity":12,"f:24:29:24:30":2,"s:24:40:27:13":13,"f:26:42:26:43":3,"s:26:49:26:70":14,"s:30:12:30:Infinity":15,"f:33:10:33:22":4,"s:34:8:57:Infinity":16,"s:35:26:35:42":17,"s:36:27:40:25":18,"b:41:12:43:Infinity:undefined:undefined:undefined:undefined":2,"s:41:12:43:Infinity":19,"s:42:16:42:Infinity":20,"s:44:29:47:57":21,"s:48:12:51:Infinity":22,"b:54:12:55:Infinity:undefined:undefined:undefined:undefined":3,"s:54:12:55:Infinity":23,"s:55:16:55:Infinity":24,"s:56:12:56:Infinity":25,"f:59:10:59:20":5,"s:60:22:60:38":26,"b:61:8:63:Infinity:undefined:undefined:undefined:undefined":4,"s:61:8:63:Infinity":27,"s:62:12:62:Infinity":28,"s:64:24:68:24":29,"b:69:8:71:Infinity:undefined:undefined:undefined:undefined":5,"s:69:8:71:Infinity":30,"s:70:12:70:Infinity":31,"s:72:8:72:Infinity":32,"f:74:10:74:20":6,"s:75:8:90:Infinity":33,"s:76:26:76:42":34,"s:77:30:80:28":35,"b:81:12:83:Infinity:undefined:undefined:undefined:undefined":6,"s:81:12:83:Infinity":36,"s:82:16:82:Infinity":37,"s:84:12:84:Infinity":38,"b:87:12:88:Infinity:undefined:undefined:undefined:undefined":7,"s:87:12:88:Infinity":39,"s:88:16:88:Infinity":40,"s:89:12:89:Infinity":41}}}
,"C:\\Users\\lmrab\\Desktop\\Monorepo test\\apps\\server\\dist\\services\\ratings.service.js": {"path":"C:\\Users\\lmrab\\Desktop\\Monorepo test\\apps\\server\\dist\\services\\ratings.service.js","statementMap":{"0":{"start":{"line":5,"column":22},"end":{"line":88,"column":1}},"1":{"start":{"line":7,"column":8},"end":{"line":25,"column":null}},"2":{"start":{"line":8,"column":12},"end":{"line":10,"column":null}},"3":{"start":{"line":9,"column":16},"end":{"line":9,"column":null}},"4":{"start":{"line":11,"column":29},"end":{"line":18,"column":28}},"5":{"start":{"line":19,"column":12},"end":{"line":19,"column":null}},"6":{"start":{"line":22,"column":12},"end":{"line":23,"column":null}},"7":{"start":{"line":23,"column":16},"end":{"line":23,"column":null}},"8":{"start":{"line":24,"column":12},"end":{"line":24,"column":null}},"9":{"start":{"line":28,"column":8},"end":{"line":34,"column":null}},"10":{"start":{"line":29,"column":25},"end":{"line":29,"column":61}},"11":{"start":{"line":30,"column":12},"end":{"line":30,"column":null}},"12":{"start":{"line":33,"column":12},"end":{"line":33,"column":null}},"13":{"start":{"line":37,"column":8},"end":{"line":53,"column":null}},"14":{"start":{"line":38,"column":28},"end":{"line":38,"column":44}},"15":{"start":{"line":39,"column":29},"end":{"line":43,"column":25}},"16":{"start":{"line":44,"column":12},"end":{"line":46,"column":null}},"17":{"start":{"line":45,"column":16},"end":{"line":45,"column":null}},"18":{"start":{"line":47,"column":12},"end":{"line":47,"column":null}},"19":{"start":{"line":50,"column":12},"end":{"line":51,"column":null}},"20":{"start":{"line":51,"column":16},"end":{"line":51,"column":null}},"21":{"start":{"line":52,"column":12},"end":{"line":52,"column":null}},"22":{"start":{"line":56,"column":24},"end":{"line":56,"column":40}},"23":{"start":{"line":57,"column":8},"end":{"line":59,"column":null}},"24":{"start":{"line":58,"column":12},"end":{"line":58,"column":null}},"25":{"start":{"line":60,"column":24},"end":{"line":64,"column":24}},"26":{"start":{"line":65,"column":8},"end":{"line":67,"column":null}},"27":{"start":{"line":66,"column":12},"end":{"line":66,"column":null}},"28":{"start":{"line":68,"column":8},"end":{"line":68,"column":null}},"29":{"start":{"line":71,"column":8},"end":{"line":86,"column":null}},"30":{"start":{"line":72,"column":28},"end":{"line":72,"column":44}},"31":{"start":{"line":73,"column":30},"end":{"line":76,"column":28}},"32":{"start":{"line":77,"column":12},"end":{"line":79,"column":null}},"33":{"start":{"line":78,"column":16},"end":{"line":78,"column":null}},"34":{"start":{"line":80,"column":12},"end":{"line":80,"column":null}},"35":{"start":{"line":83,"column":12},"end":{"line":84,"column":null}},"36":{"start":{"line":84,"column":16},"end":{"line":84,"column":null}},"37":{"start":{"line":85,"column":12},"end":{"line":85,"column":null}}},"fnMap":{"0":{"name":"(anonymous_0)","decl":{"start":{"line":6,"column":10},"end":{"line":6,"column":22}},"loc":{"start":{"line":6,"column":29},"end":{"line":26,"column":5}},"line":6},"1":{"name":"(anonymous_1)","decl":{"start":{"line":27,"column":10},"end":{"line":27,"column":24}},"loc":{"start":{"line":27,"column":27},"end":{"line":35,"column":5}},"line":27},"2":{"name":"(anonymous_2)","decl":{"start":{"line":36,"column":10},"end":{"line":36,"column":24}},"loc":{"start":{"line":36,"column":29},"end":{"line":54,"column":5}},"line":36},"3":{"name":"(anonymous_3)","decl":{"start":{"line":55,"column":10},"end":{"line":55,"column":20}},"loc":{"start":{"line":55,"column":31},"end":{"line":69,"column":5}},"line":55},"4":{"name":"(anonymous_4)","decl":{"start":{"line":70,"column":10},"end":{"line":70,"column":20}},"loc":{"start":{"line":70,"column":25},"end":{"line":87,"column":5}},"line":70}},"branchMap":{"0":{"loc":{"start":{"line":8,"column":12},"end":{"line":10,"column":null}},"type":"if","locations":[{"start":{"line":8,"column":12},"end":{"line":10,"column":null}},{"start":{},"end":{}}],"line":8},"1":{"loc":{"start":{"line":8,"column":16},"end":{"line":8,"column":81}},"type":"binary-expr","locations":[{"start":{"line":8,"column":16},"end":{"line":8,"column":36}},{"start":{"line":8,"column":40},"end":{"line":8,"column":60}},{"start":{"line":8,"column":64},"end":{"line":8,"column":81}}],"line":8},"2":{"loc":{"start":{"line":22,"column":12},"end":{"line":23,"column":null}},"type":"if","locations":[{"start":{"line":22,"column":12},"end":{"line":23,"column":null}},{"start":{},"end":{}}],"line":22},"3":{"loc":{"start":{"line":44,"column":12},"end":{"line":46,"column":null}},"type":"if","locations":[{"start":{"line":44,"column":12},"end":{"line":46,"column":null}},{"start":{},"end":{}}],"line":44},"4":{"loc":{"start":{"line":50,"column":12},"end":{"line":51,"column":null}},"type":"if","locations":[{"start":{"line":50,"column":12},"end":{"line":51,"column":null}},{"start":{},"end":{}}],"line":50},"5":{"loc":{"start":{"line":57,"column":8},"end":{"line":59,"column":null}},"type":"if","locations":[{"start":{"line":57,"column":8},"end":{"line":59,"column":null}},{"start":{},"end":{}}],"line":57},"6":{"loc":{"start":{"line":65,"column":8},"end":{"line":67,"column":null}},"type":"if","locations":[{"start":{"line":65,"column":8},"end":{"line":67,"column":null}},{"start":{},"end":{}}],"line":65},"7":{"loc":{"start":{"line":77,"column":12},"end":{"line":79,"column":null}},"type":"if","locations":[{"start":{"line":77,"column":12},"end":{"line":79,"column":null}},{"start":{},"end":{}}],"line":77},"8":{"loc":{"start":{"line":83,"column":12},"end":{"line":84,"column":null}},"type":"if","locations":[{"start":{"line":83,"column":12},"end":{"line":84,"column":null}},{"start":{},"end":{}}],"line":83}},"s":{"0":1,"1":0,"2":0,"3":0,"4":0,"5":0,"6":0,"7":0,"8":0,"9":0,"10":0,"11":0,"12":0,"13":0,"14":0,"15":0,"16":0,"17":0,"18":0,"19":0,"20":0,"21":0,"22":0,"23":0,"24":0,"25":0,"26":0,"27":0,"28":0,"29":0,"30":0,"31":0,"32":0,"33":0,"34":0,"35":0,"36":0,"37":0},"f":{"0":0,"1":0,"2":0,"3":0,"4":0},"b":{"0":[0,0],"1":[0,0,0],"2":[0,0],"3":[0,0],"4":[0,0],"5":[0,0],"6":[0,0],"7":[0,0],"8":[0,0]},"meta":{"lastBranch":9,"lastFunction":5,"lastStatement":38,"seen":{"s:5:22:88:1":0,"f:6:10:6:22":0,"s:7:8:25:Infinity":1,"b:8:12:10:Infinity:undefined:undefined:undefined:undefined":0,"s:8:12:10:Infinity":2,"b:8:16:8:36:8:40:8:60:8:64:8:81":1,"s:9:16:9:Infinity":3,"s:11:29:18:28":4,"s:19:12:19:Infinity":5,"b:22:12:23:Infinity:undefined:undefined:undefined:undefined":2,"s:22:12:23:Infinity":6,"s:23:16:23:Infinity":7,"s:24:12:24:Infinity":8,"f:27:10:27:24":1,"s:28:8:34:Infinity":9,"s:29:25:29:61":10,"s:30:12:30:Infinity":11,"s:33:12:33:Infinity":12,"f:36:10:36:24":2,"s:37:8:53:Infinity":13,"s:38:28:38:44":14,"s:39:29:43:25":15,"b:44:12:46:Infinity:undefined:undefined:undefined:undefined":3,"s:44:12:46:Infinity":16,"s:45:16:45:Infinity":17,"s:47:12:47:Infinity":18,"b:50:12:51:Infinity:undefined:undefined:undefined:undefined":4,"s:50:12:51:Infinity":19,"s:51:16:51:Infinity":20,"s:52:12:52:Infinity":21,"f:55:10:55:20":3,"s:56:24:56:40":22,"b:57:8:59:Infinity:undefined:undefined:undefined:undefined":5,"s:57:8:59:Infinity":23,"s:58:12:58:Infinity":24,"s:60:24:64:24":25,"b:65:8:67:Infinity:undefined:undefined:undefined:undefined":6,"s:65:8:67:Infinity":26,"s:66:12:66:Infinity":27,"s:68:8:68:Infinity":28,"f:70:10:70:20":4,"s:71:8:86:Infinity":29,"s:72:28:72:44":30,"s:73:30:76:28":31,"b:77:12:79:Infinity:undefined:undefined:undefined:undefined":7,"s:77:12:79:Infinity":32,"s:78:16:78:Infinity":33,"s:80:12:80:Infinity":34,"b:83:12:84:Infinity:undefined:undefined:undefined:undefined":8,"s:83:12:84:Infinity":35,"s:84:16:84:Infinity":36,"s:85:12:85:Infinity":37}}}
,"C:\\Users\\lmrab\\Desktop\\Monorepo test\\apps\\server\\dist\\services\\user.service.js": {"path":"C:\\Users\\lmrab\\Desktop\\Monorepo test\\apps\\server\\dist\\services\\user.service.js","statementMap":{"0":{"start":{"line":6,"column":20},"end":{"line":115,"column":1}},"1":{"start":{"line":9,"column":29},"end":{"line":13,"column":21}},"2":{"start":{"line":14,"column":8},"end":{"line":16,"column":null}},"3":{"start":{"line":15,"column":12},"end":{"line":15,"column":null}},"4":{"start":{"line":17,"column":31},"end":{"line":22,"column":10}},"5":{"start":{"line":23,"column":23},"end":{"line":30,"column":24}},"6":{"start":{"line":31,"column":8},"end":{"line":31,"column":null}},"7":{"start":{"line":34,"column":8},"end":{"line":50,"column":null}},"8":{"start":{"line":35,"column":26},"end":{"line":35,"column":64}},"9":{"start":{"line":36,"column":27},"end":{"line":42,"column":49}},"10":{"start":{"line":43,"column":12},"end":{"line":43,"column":null}},"11":{"start":{"line":46,"column":12},"end":{"line":48,"column":null}},"12":{"start":{"line":47,"column":16},"end":{"line":47,"column":null}},"13":{"start":{"line":54,"column":21},"end":{"line":58,"column":21}},"14":{"start":{"line":59,"column":8},"end":{"line":60,"column":null}},"15":{"start":{"line":60,"column":12},"end":{"line":60,"column":null}},"16":{"start":{"line":61,"column":30},"end":{"line":61,"column":82}},"17":{"start":{"line":62,"column":8},"end":{"line":63,"column":null}},"18":{"start":{"line":63,"column":12},"end":{"line":63,"column":null}},"19":{"start":{"line":64,"column":53},"end":{"line":64,"column":60}},"20":{"start":{"line":65,"column":8},"end":{"line":65,"column":null}},"21":{"start":{"line":68,"column":8},"end":{"line":79,"column":null}},"22":{"start":{"line":69,"column":30},"end":{"line":74,"column":33}},"23":{"start":{"line":75,"column":12},"end":{"line":75,"column":null}},"24":{"start":{"line":78,"column":12},"end":{"line":78,"column":null}},"25":{"start":{"line":82,"column":8},"end":{"line":95,"column":null}},"26":{"start":{"line":83,"column":26},"end":{"line":83,"column":65}},"27":{"start":{"line":84,"column":32},"end":{"line":88,"column":28}},"28":{"start":{"line":89,"column":12},"end":{"line":90,"column":null}},"29":{"start":{"line":90,"column":16},"end":{"line":90,"column":null}},"30":{"start":{"line":91,"column":12},"end":{"line":91,"column":null}},"31":{"start":{"line":94,"column":12},"end":{"line":94,"column":null}},"32":{"start":{"line":98,"column":8},"end":{"line":113,"column":null}},"33":{"start":{"line":99,"column":26},"end":{"line":99,"column":42}},"34":{"start":{"line":100,"column":32},"end":{"line":103,"column":28}},"35":{"start":{"line":104,"column":12},"end":{"line":106,"column":null}},"36":{"start":{"line":105,"column":16},"end":{"line":105,"column":null}},"37":{"start":{"line":107,"column":12},"end":{"line":107,"column":null}},"38":{"start":{"line":110,"column":12},"end":{"line":111,"column":null}},"39":{"start":{"line":111,"column":16},"end":{"line":111,"column":null}},"40":{"start":{"line":112,"column":12},"end":{"line":112,"column":null}}},"fnMap":{"0":{"name":"(anonymous_0)","decl":{"start":{"line":7,"column":10},"end":{"line":7,"column":20}},"loc":{"start":{"line":7,"column":27},"end":{"line":32,"column":5}},"line":7},"1":{"name":"(anonymous_1)","decl":{"start":{"line":33,"column":10},"end":{"line":33,"column":22}},"loc":{"start":{"line":33,"column":27},"end":{"line":51,"column":5}},"line":33},"2":{"name":"(anonymous_2)","decl":{"start":{"line":52,"column":10},"end":{"line":52,"column":19}},"loc":{"start":{"line":52,"column":26},"end":{"line":66,"column":5}},"line":52},"3":{"name":"(anonymous_3)","decl":{"start":{"line":67,"column":10},"end":{"line":67,"column":22}},"loc":{"start":{"line":67,"column":25},"end":{"line":80,"column":5}},"line":67},"4":{"name":"(anonymous_4)","decl":{"start":{"line":81,"column":10},"end":{"line":81,"column":20}},"loc":{"start":{"line":81,"column":31},"end":{"line":96,"column":5}},"line":81},"5":{"name":"(anonymous_5)","decl":{"start":{"line":97,"column":10},"end":{"line":97,"column":20}},"loc":{"start":{"line":97,"column":25},"end":{"line":114,"column":5}},"line":97}},"branchMap":{"0":{"loc":{"start":{"line":14,"column":8},"end":{"line":16,"column":null}},"type":"if","locations":[{"start":{"line":14,"column":8},"end":{"line":16,"column":null}},{"start":{},"end":{}}],"line":14},"1":{"loc":{"start":{"line":46,"column":12},"end":{"line":48,"column":null}},"type":"if","locations":[{"start":{"line":46,"column":12},"end":{"line":48,"column":null}},{"start":{},"end":{}}],"line":46},"2":{"loc":{"start":{"line":59,"column":8},"end":{"line":60,"column":null}},"type":"if","locations":[{"start":{"line":59,"column":8},"end":{"line":60,"column":null}},{"start":{},"end":{}}],"line":59},"3":{"loc":{"start":{"line":62,"column":8},"end":{"line":63,"column":null}},"type":"if","locations":[{"start":{"line":62,"column":8},"end":{"line":63,"column":null}},{"start":{},"end":{}}],"line":62},"4":{"loc":{"start":{"line":89,"column":12},"end":{"line":90,"column":null}},"type":"if","locations":[{"start":{"line":89,"column":12},"end":{"line":90,"column":null}},{"start":{},"end":{}}],"line":89},"5":{"loc":{"start":{"line":104,"column":12},"end":{"line":106,"column":null}},"type":"if","locations":[{"start":{"line":104,"column":12},"end":{"line":106,"column":null}},{"start":{},"end":{}}],"line":104},"6":{"loc":{"start":{"line":110,"column":12},"end":{"line":111,"column":null}},"type":"if","locations":[{"start":{"line":110,"column":12},"end":{"line":111,"column":null}},{"start":{},"end":{}}],"line":110}},"s":{"0":1,"1":2,"2":2,"3":1,"4":1,"5":1,"6":1,"7":2,"8":2,"9":2,"10":1,"11":1,"12":1,"13":0,"14":0,"15":0,"16":0,"17":0,"18":0,"19":0,"20":0,"21":0,"22":0,"23":0,"24":0,"25":0,"26":0,"27":0,"28":0,"29":0,"30":0,"31":0,"32":0,"33":0,"34":0,"35":0,"36":0,"37":0,"38":0,"39":0,"40":0},"f":{"0":2,"1":2,"2":0,"3":0,"4":0,"5":0},"b":{"0":[1,1],"1":[1,0],"2":[0,0],"3":[0,0],"4":[0,0],"5":[0,0],"6":[0,0]},"meta":{"lastBranch":7,"lastFunction":6,"lastStatement":41,"seen":{"s:6:20:115:1":0,"f:7:10:7:20":0,"s:9:29:13:21":1,"b:14:8:16:Infinity:undefined:undefined:undefined:undefined":0,"s:14:8:16:Infinity":2,"s:15:12:15:Infinity":3,"s:17:31:22:10":4,"s:23:23:30:24":5,"s:31:8:31:Infinity":6,"f:33:10:33:22":1,"s:34:8:50:Infinity":7,"s:35:26:35:64":8,"s:36:27:42:49":9,"s:43:12:43:Infinity":10,"b:46:12:48:Infinity:undefined:undefined:undefined:undefined":1,"s:46:12:48:Infinity":11,"s:47:16:47:Infinity":12,"f:52:10:52:19":2,"s:54:21:58:21":13,"b:59:8:60:Infinity:undefined:undefined:undefined:undefined":2,"s:59:8:60:Infinity":14,"s:60:12:60:Infinity":15,"s:61:30:61:82":16,"b:62:8:63:Infinity:undefined:undefined:undefined:undefined":3,"s:62:8:63:Infinity":17,"s:63:12:63:Infinity":18,"s:64:53:64:60":19,"s:65:8:65:Infinity":20,"f:67:10:67:22":3,"s:68:8:79:Infinity":21,"s:69:30:74:33":22,"s:75:12:75:Infinity":23,"s:78:12:78:Infinity":24,"f:81:10:81:20":4,"s:82:8:95:Infinity":25,"s:83:26:83:65":26,"s:84:32:88:28":27,"b:89:12:90:Infinity:undefined:undefined:undefined:undefined":4,"s:89:12:90:Infinity":28,"s:90:16:90:Infinity":29,"s:91:12:91:Infinity":30,"s:94:12:94:Infinity":31,"f:97:10:97:20":5,"s:98:8:113:Infinity":32,"s:99:26:99:42":33,"s:100:32:103:28":34,"b:104:12:106:Infinity:undefined:undefined:undefined:undefined":5,"s:104:12:106:Infinity":35,"s:105:16:105:Infinity":36,"s:107:12:107:Infinity":37,"b:110:12:111:Infinity:undefined:undefined:undefined:undefined":6,"s:110:12:111:Infinity":38,"s:111:16:111:Infinity":39,"s:112:12:112:Infinity":40}}}
,"C:\\Users\\lmrab\\Desktop\\Monorepo test\\apps\\server\\dist\\utils\\normalizeId.js": {"path":"C:\\Users\\lmrab\\Desktop\\Monorepo test\\apps\\server\\dist\\utils\\normalizeId.js","statementMap":{"0":{"start":{"line":2,"column":22},"end":{"line":2,"column":32}},"1":{"start":{"line":3,"column":4},"end":{"line":5,"column":null}},"2":{"start":{"line":4,"column":8},"end":{"line":4,"column":null}},"3":{"start":{"line":6,"column":4},"end":{"line":6,"column":null}}},"fnMap":{"0":{"name":"normalizeId","decl":{"start":{"line":1,"column":16},"end":{"line":1,"column":27}},"loc":{"start":{"line":1,"column":72},"end":{"line":7,"column":null}},"line":1}},"branchMap":{"0":{"loc":{"start":{"line":1,"column":32},"end":{"line":1,"column":70}},"type":"default-arg","locations":[{"start":{"line":1,"column":47},"end":{"line":1,"column":70}}],"line":1},"1":{"loc":{"start":{"line":3,"column":4},"end":{"line":5,"column":null}},"type":"if","locations":[{"start":{"line":3,"column":4},"end":{"line":5,"column":null}},{"start":{},"end":{}}],"line":3}},"s":{"0":8,"1":8,"2":3,"3":5},"f":{"0":8},"b":{"0":[8],"1":[3,5]},"meta":{"lastBranch":2,"lastFunction":1,"lastStatement":4,"seen":{"f:1:16:1:27":0,"b:1:47:1:70":0,"s:2:22:2:32":0,"b:3:4:5:Infinity:undefined:undefined:undefined:undefined":1,"s:3:4:5:Infinity":1,"s:4:8:4:Infinity":2,"s:6:4:6:Infinity":3}}}
,"C:\\Users\\lmrab\\Desktop\\Monorepo test\\apps\\server\\src\\db\\schema.ts": {"path":"C:\\Users\\lmrab\\Desktop\\Monorepo test\\apps\\server\\src\\db\\schema.ts","statementMap":{"0":{"start":{"line":10,"column":13},"end":{"line":17,"column":null}},"1":{"start":{"line":19,"column":13},"end":{"line":33,"column":null}},"2":{"start":{"line":35,"column":13},"end":{"line":41,"column":null}},"3":{"start":{"line":39,"column":38},"end":{"line":39,"column":51}},"4":{"start":{"line":40,"column":38},"end":{"line":40,"column":51}},"5":{"start":{"line":43,"column":13},"end":{"line":51,"column":null}},"6":{"start":{"line":47,"column":22},"end":{"line":47,"column":35}},"7":{"start":{"line":49,"column":38},"end":{"line":49,"column":51}},"8":{"start":{"line":50,"column":38},"end":{"line":50,"column":51}},"9":{"start":{"line":53,"column":13},"end":{"line":62,"column":null}},"10":{"start":{"line":56,"column":22},"end":{"line":56,"column":35}},"11":{"start":{"line":59,"column":22},"end":{"line":59,"column":35}},"12":{"start":{"line":64,"column":13},"end":{"line":67,"column":null}},"13":{"start":{"line":69,"column":13},"end":{"line":77,"column":null}},"14":{"start":{"line":72,"column":22},"end":{"line":72,"column":35}},"15":{"start":{"line":75,"column":22},"end":{"line":75,"column":40}},"16":{"start":{"line":79,"column":13},"end":{"line":82,"column":null}},"17":{"start":{"line":84,"column":13},"end":{"line":88,"column":null}},"18":{"start":{"line":86,"column":46},"end":{"line":86,"column":67}},"19":{"start":{"line":87,"column":46},"end":{"line":87,"column":59}},"20":{"start":{"line":90,"column":13},"end":{"line":96,"column":null}},"21":{"start":{"line":92,"column":46},"end":{"line":92,"column":67}},"22":{"start":{"line":93,"column":46},"end":{"line":93,"column":59}},"23":{"start":{"line":98,"column":13},"end":{"line":101,"column":null}}},"fnMap":{"0":{"name":"(anonymous_0)","decl":{"start":{"line":39,"column":32},"end":{"line":39,"column":38}},"loc":{"start":{"line":39,"column":38},"end":{"line":39,"column":51}},"line":39},"1":{"name":"(anonymous_1)","decl":{"start":{"line":40,"column":32},"end":{"line":40,"column":38}},"loc":{"start":{"line":40,"column":38},"end":{"line":40,"column":51}},"line":40},"2":{"name":"(anonymous_2)","decl":{"start":{"line":47,"column":16},"end":{"line":47,"column":22}},"loc":{"start":{"line":47,"column":22},"end":{"line":47,"column":35}},"line":47},"3":{"name":"(anonymous_3)","decl":{"start":{"line":49,"column":32},"end":{"line":49,"column":38}},"loc":{"start":{"line":49,"column":38},"end":{"line":49,"column":51}},"line":49},"4":{"name":"(anonymous_4)","decl":{"start":{"line":50,"column":32},"end":{"line":50,"column":38}},"loc":{"start":{"line":50,"column":38},"end":{"line":50,"column":51}},"line":50},"5":{"name":"(anonymous_5)","decl":{"start":{"line":56,"column":16},"end":{"line":56,"column":22}},"loc":{"start":{"line":56,"column":22},"end":{"line":56,"column":35}},"line":56},"6":{"name":"(anonymous_6)","decl":{"start":{"line":59,"column":16},"end":{"line":59,"column":22}},"loc":{"start":{"line":59,"column":22},"end":{"line":59,"column":35}},"line":59},"7":{"name":"(anonymous_7)","decl":{"start":{"line":72,"column":16},"end":{"line":72,"column":22}},"loc":{"start":{"line":72,"column":22},"end":{"line":72,"column":35}},"line":72},"8":{"name":"(anonymous_8)","decl":{"start":{"line":75,"column":16},"end":{"line":75,"column":22}},"loc":{"start":{"line":75,"column":22},"end":{"line":75,"column":40}},"line":75},"9":{"name":"(anonymous_9)","decl":{"start":{"line":86,"column":40},"end":{"line":86,"column":46}},"loc":{"start":{"line":86,"column":46},"end":{"line":86,"column":67}},"line":86},"10":{"name":"(anonymous_10)","decl":{"start":{"line":87,"column":40},"end":{"line":87,"column":46}},"loc":{"start":{"line":87,"column":46},"end":{"line":87,"column":59}},"line":87},"11":{"name":"(anonymous_11)","decl":{"start":{"line":92,"column":40},"end":{"line":92,"column":46}},"loc":{"start":{"line":92,"column":46},"end":{"line":92,"column":67}},"line":92},"12":{"name":"(anonymous_12)","decl":{"start":{"line":93,"column":40},"end":{"line":93,"column":46}},"loc":{"start":{"line":93,"column":46},"end":{"line":93,"column":59}},"line":93}},"branchMap":{},"s":{"0":7,"1":7,"2":7,"3":0,"4":0,"5":7,"6":0,"7":0,"8":0,"9":7,"10":0,"11":0,"12":7,"13":7,"14":0,"15":0,"16":7,"17":7,"18":0,"19":0,"20":7,"21":0,"22":0,"23":7},"f":{"0":0,"1":0,"2":0,"3":0,"4":0,"5":0,"6":0,"7":0,"8":0,"9":0,"10":0,"11":0,"12":0},"b":{},"meta":{"lastBranch":0,"lastFunction":13,"lastStatement":24,"seen":{"s:10:13:17:Infinity":0,"s:19:13:33:Infinity":1,"s:35:13:41:Infinity":2,"f:39:32:39:38":0,"s:39:38:39:51":3,"f:40:32:40:38":1,"s:40:38:40:51":4,"s:43:13:51:Infinity":5,"f:47:16:47:22":2,"s:47:22:47:35":6,"f:49:32:49:38":3,"s:49:38:49:51":7,"f:50:32:50:38":4,"s:50:38:50:51":8,"s:53:13:62:Infinity":9,"f:56:16:56:22":5,"s:56:22:56:35":10,"f:59:16:59:22":6,"s:59:22:59:35":11,"s:64:13:67:Infinity":12,"s:69:13:77:Infinity":13,"f:72:16:72:22":7,"s:72:22:72:35":14,"f:75:16:75:22":8,"s:75:22:75:40":15,"s:79:13:82:Infinity":16,"s:84:13:88:Infinity":17,"f:86:40:86:46":9,"s:86:46:86:67":18,"f:87:40:87:46":10,"s:87:46:87:59":19,"s:90:13:96:Infinity":20,"f:92:40:92:46":11,"s:92:46:92:67":21,"f:93:40:93:46":12,"s:93:46:93:59":22,"s:98:13:101:Infinity":23}}}
,"C:\\Users\\lmrab\\Desktop\\Monorepo test\\apps\\server\\src\\services\\categories.service.ts": {"path":"C:\\Users\\lmrab\\Desktop\\Monorepo test\\apps\\server\\src\\services\\categories.service.ts","statementMap":{"0":{"start":{"line":12,"column":24},"end":{"line":115,"column":null}},"1":{"start":{"line":14,"column":4},"end":{"line":28,"column":null}},"2":{"start":{"line":15,"column":6},"end":{"line":17,"column":null}},"3":{"start":{"line":16,"column":8},"end":{"line":16,"column":null}},"4":{"start":{"line":19,"column":25},"end":{"line":22,"column":null}},"5":{"start":{"line":24,"column":6},"end":{"line":24,"column":null}},"6":{"start":{"line":26,"column":6},"end":{"line":26,"column":null}},"7":{"start":{"line":26,"column":34},"end":{"line":26,"column":null}},"8":{"start":{"line":27,"column":6},"end":{"line":27,"column":null}},"9":{"start":{"line":32,"column":4},"end":{"line":37,"column":null}},"10":{"start":{"line":33,"column":25},"end":{"line":33,"column":null}},"11":{"start":{"line":34,"column":6},"end":{"line":34,"column":null}},"12":{"start":{"line":36,"column":6},"end":{"line":36,"column":null}},"13":{"start":{"line":41,"column":4},"end":{"line":59,"column":null}},"14":{"start":{"line":42,"column":12},"end":{"line":42,"column":null}},"15":{"start":{"line":43,"column":25},"end":{"line":47,"column":null}},"16":{"start":{"line":49,"column":6},"end":{"line":53,"column":null}},"17":{"start":{"line":50,"column":8},"end":{"line":52,"column":null}},"18":{"start":{"line":55,"column":6},"end":{"line":55,"column":null}},"19":{"start":{"line":57,"column":6},"end":{"line":57,"column":null}},"20":{"start":{"line":57,"column":34},"end":{"line":57,"column":null}},"21":{"start":{"line":58,"column":6},"end":{"line":58,"column":null}},"22":{"start":{"line":63,"column":10},"end":{"line":63,"column":null}},"23":{"start":{"line":65,"column":4},"end":{"line":67,"column":null}},"24":{"start":{"line":66,"column":6},"end":{"line":66,"column":null}},"25":{"start":{"line":70,"column":44},"end":{"line":70,"column":null}},"26":{"start":{"line":71,"column":4},"end":{"line":76,"column":null}},"27":{"start":{"line":72,"column":6},"end":{"line":74,"column":null}},"28":{"start":{"line":73,"column":8},"end":{"line":73,"column":null}},"29":{"start":{"line":75,"column":6},"end":{"line":75,"column":null}},"30":{"start":{"line":78,"column":4},"end":{"line":80,"column":null}},"31":{"start":{"line":79,"column":6},"end":{"line":79,"column":null}},"32":{"start":{"line":82,"column":20},"end":{"line":86,"column":null}},"33":{"start":{"line":88,"column":4},"end":{"line":90,"column":null}},"34":{"start":{"line":89,"column":6},"end":{"line":89,"column":null}},"35":{"start":{"line":92,"column":4},"end":{"line":92,"column":null}},"36":{"start":{"line":96,"column":4},"end":{"line":113,"column":null}},"37":{"start":{"line":97,"column":12},"end":{"line":97,"column":null}},"38":{"start":{"line":98,"column":24},"end":{"line":101,"column":null}},"39":{"start":{"line":103,"column":6},"end":{"line":107,"column":null}},"40":{"start":{"line":104,"column":8},"end":{"line":106,"column":null}},"41":{"start":{"line":109,"column":6},"end":{"line":109,"column":null}},"42":{"start":{"line":111,"column":6},"end":{"line":111,"column":null}},"43":{"start":{"line":111,"column":34},"end":{"line":111,"column":null}},"44":{"start":{"line":112,"column":6},"end":{"line":112,"column":null}}},"fnMap":{"0":{"name":"(anonymous_0)","decl":{"start":{"line":13,"column":8},"end":{"line":13,"column":23}},"loc":{"start":{"line":13,"column":44},"end":{"line":29,"column":null}},"line":13},"1":{"name":"(anonymous_1)","decl":{"start":{"line":31,"column":8},"end":{"line":31,"column":28}},"loc":{"start":{"line":31,"column":28},"end":{"line":38,"column":null}},"line":31},"2":{"name":"(anonymous_2)","decl":{"start":{"line":40,"column":8},"end":{"line":40,"column":25}},"loc":{"start":{"line":40,"column":37},"end":{"line":60,"column":null}},"line":40},"3":{"name":"(anonymous_3)","decl":{"start":{"line":62,"column":8},"end":{"line":62,"column":19}},"loc":{"start":{"line":62,"column":58},"end":{"line":93,"column":null}},"line":62},"4":{"name":"(anonymous_4)","decl":{"start":{"line":95,"column":8},"end":{"line":95,"column":19}},"loc":{"start":{"line":95,"column":31},"end":{"line":114,"column":null}},"line":95}},"branchMap":{"0":{"loc":{"start":{"line":15,"column":6},"end":{"line":17,"column":null}},"type":"if","locations":[{"start":{"line":15,"column":6},"end":{"line":17,"column":null}},{"start":{},"end":{}}],"line":15},"1":{"loc":{"start":{"line":26,"column":6},"end":{"line":26,"column":null}},"type":"if","locations":[{"start":{"line":26,"column":6},"end":{"line":26,"column":null}},{"start":{},"end":{}}],"line":26},"2":{"loc":{"start":{"line":49,"column":6},"end":{"line":53,"column":null}},"type":"if","locations":[{"start":{"line":49,"column":6},"end":{"line":53,"column":null}},{"start":{},"end":{}}],"line":49},"3":{"loc":{"start":{"line":57,"column":6},"end":{"line":57,"column":null}},"type":"if","locations":[{"start":{"line":57,"column":6},"end":{"line":57,"column":null}},{"start":{},"end":{}}],"line":57},"4":{"loc":{"start":{"line":65,"column":4},"end":{"line":67,"column":null}},"type":"if","locations":[{"start":{"line":65,"column":4},"end":{"line":67,"column":null}},{"start":{},"end":{}}],"line":65},"5":{"loc":{"start":{"line":71,"column":4},"end":{"line":76,"column":null}},"type":"if","locations":[{"start":{"line":71,"column":4},"end":{"line":76,"column":null}},{"start":{},"end":{}}],"line":71},"6":{"loc":{"start":{"line":72,"column":6},"end":{"line":74,"column":null}},"type":"if","locations":[{"start":{"line":72,"column":6},"end":{"line":74,"column":null}},{"start":{},"end":{}}],"line":72},"7":{"loc":{"start":{"line":78,"column":4},"end":{"line":80,"column":null}},"type":"if","locations":[{"start":{"line":78,"column":4},"end":{"line":80,"column":null}},{"start":{},"end":{}}],"line":78},"8":{"loc":{"start":{"line":88,"column":4},"end":{"line":90,"column":null}},"type":"if","locations":[{"start":{"line":88,"column":4},"end":{"line":90,"column":null}},{"start":{},"end":{}}],"line":88},"9":{"loc":{"start":{"line":103,"column":6},"end":{"line":107,"column":null}},"type":"if","locations":[{"start":{"line":103,"column":6},"end":{"line":107,"column":null}},{"start":{},"end":{}}],"line":103},"10":{"loc":{"start":{"line":111,"column":6},"end":{"line":111,"column":null}},"type":"if","locations":[{"start":{"line":111,"column":6},"end":{"line":111,"column":null}},{"start":{},"end":{}}],"line":111}},"s":{"0":1,"1":2,"2":2,"3":1,"4":1,"5":1,"6":1,"7":1,"8":0,"9":0,"10":0,"11":0,"12":0,"13":1,"14":1,"15":1,"16":1,"17":0,"18":1,"19":0,"20":0,"21":0,"22":0,"23":0,"24":0,"25":0,"26":0,"27":0,"28":0,"29":0,"30":0,"31":0,"32":0,"33":0,"34":0,"35":0,"36":0,"37":0,"38":0,"39":0,"40":0,"41":0,"42":0,"43":0,"44":0},"f":{"0":2,"1":0,"2":1,"3":0,"4":0},"b":{"0":[1,1],"1":[1,0],"2":[0,1],"3":[0,0],"4":[0,0],"5":[0,0],"6":[0,0],"7":[0,0],"8":[0,0],"9":[0,0],"10":[0,0]},"meta":{"lastBranch":11,"lastFunction":5,"lastStatement":45,"seen":{"s:12:24:115:Infinity":0,"f:13:8:13:23":0,"s:14:4:28:Infinity":1,"b:15:6:17:Infinity:undefined:undefined:undefined:undefined":0,"s:15:6:17:Infinity":2,"s:16:8:16:Infinity":3,"s:19:25:22:Infinity":4,"s:24:6:24:Infinity":5,"b:26:6:26:Infinity:undefined:undefined:undefined:undefined":1,"s:26:6:26:Infinity":6,"s:26:34:26:Infinity":7,"s:27:6:27:Infinity":8,"f:31:8:31
[...]
l}},"type":"if","locations":[{"start":{"line":43,"column":6},"end":{"line":45,"column":null}},{"start":{},"end":{}}],"line":43},"3":{"loc":{"start":{"line":57,"column":6},"end":{"line":57,"column":null}},"type":"if","locations":[{"start":{"line":57,"column":6},"end":{"line":57,"column":null}},{"start":{},"end":{}}],"line":57},"4":{"loc":{"start":{"line":64,"column":4},"end":{"line":66,"column":null}},"type":"if","locations":[{"start":{"line":64,"column":4},"end":{"line":66,"column":null}},{"start":{},"end":{}}],"line":64},"5":{"loc":{"start":{"line":72,"column":4},"end":{"line":74,"column":null}},"type":"if","locations":[{"start":{"line":72,"column":4},"end":{"line":74,"column":null}},{"start":{},"end":{}}],"line":72},"6":{"loc":{"start":{"line":85,"column":6},"end":{"line":87,"column":null}},"type":"if","locations":[{"start":{"line":85,"column":6},"end":{"line":87,"column":null}},{"start":{},"end":{}}],"line":85},"7":{"loc":{"start":{"line":90,"column":6},"end":{"line":90,"column":null}},"type":"if","locations":[{"start":{"line":90,"column":6},"end":{"line":90,"column":null}},{"start":{},"end":{}}],"line":90}},"s":{"0":1,"1":2,"2":2,"3":1,"4":1,"5":1,"6":1,"7":1,"8":0,"9":0,"10":0,"11":0,"12":0,"13":0,"14":0,"15":0,"16":0,"17":0,"18":0,"19":0,"20":0,"21":0,"22":0,"23":0,"24":0,"25":0,"26":0,"27":0,"28":0,"29":0,"30":0,"31":0,"32":0,"33":0,"34":0,"35":0,"36":0,"37":0,"38":0,"39":0,"40":0,"41":0},"f":{"0":2,"1":0,"2":0,"3":0,"4":0,"5":0,"6":0},"b":{"0":[1,1],"1":[1,0],"2":[0,0],"3":[0,0],"4":[0,0],"5":[0,0],"6":[0,0],"7":[0,0]},"meta":{"lastBranch":8,"lastFunction":7,"lastStatement":42,"seen":{"s:7:20:94:Infinity":0,"f:8:8:8:19":0,"s:9:4:18:Infinity":1,"b:10:6:12:Infinity:undefined:undefined:undefined:undefined":0,"s:10:6:12:Infinity":2,"s:11:8:11:Infinity":3,"s:13:21:13:Infinity":4,"s:14:6:14:Infinity":5,"b:16:6:16:Infinity:undefined:undefined:undefined:undefined":1,"s:16:6:16:Infinity":6,"s:16:34:16:Infinity":7,"s:17:6:17:Infinity":8,"f:21:8:21:23":1,"s:22:4:32:Infinity":9,"s:23:20:23:Infinity":10,"s:24:23:24:Infinity":11,"s:26:6:29:Infinity":12,"f:26:23:26:24":2,"s:26:34:29:8":13,"f:28:34:28:35":3,"s:28:41:28:62":14,"s:31:6:31:Infinity":15,"f:35:8:35:21":4,"s:36:4:59:Infinity":16,"s:37:12:37:Infinity":17,"s:38:21:42:Infinity":18,"b:43:6:45:Infinity:undefined:undefined:undefined:undefined":2,"s:43:6:45:Infinity":19,"s:44:8:44:Infinity":20,"s:47:23:50:Infinity":21,"s:52:6:55:Infinity":22,"b:57:6:57:Infinity:undefined:undefined:undefined:undefined":3,"s:57:6:57:Infinity":23,"s:57:34:57:Infinity":24,"s:58:6:58:Infinity":25,"f:62:8:62:19":5,"s:63:10:63:Infinity":26,"b:64:4:66:Infinity:undefined:undefined:undefined:undefined":4,"s:64:4:66:Infinity":27,"s:65:6:65:Infinity":28,"s:67:20:71:Infinity":29,"b:72:4:74:Infinity:undefined:undefined:undefined:undefined":5,"s:72:4:74:Infinity":30,"s:73:6:73:Infinity":31,"s:75:4:75:Infinity":32,"f:78:8:78:19":6,"s:79:4:92:Infinity":33,"s:80:12:80:Infinity":34,"s:81:24:84:Infinity":35,"b:85:6:87:Infinity:undefined:undefined:undefined:undefined":6,"s:85:6:87:Infinity":36,"s:86:8:86:Infinity":37,"s:88:6:88:Infinity":38,"b:90:6:90:Infinity:undefined:undefined:undefined:undefined":7,"s:90:6:90:Infinity":39,"s:90:34:90:Infinity":40,"s:91:6:91:Infinity":41}}}
,"C:\\Users\\lmrab\\Desktop\\Monorepo test\\apps\\server\\src\\services\\ratings.service.ts": {"path":"C:\\Users\\lmrab\\Desktop\\Monorepo test\\apps\\server\\src\\services\\ratings.service.ts","statementMap":{"0":{"start":{"line":7,"column":22},"end":{"line":87,"column":null}},"1":{"start":{"line":9,"column":4},"end":{"line":25,"column":null}},"2":{"start":{"line":10,"column":6},"end":{"line":12,"column":null}},"3":{"start":{"line":11,"column":8},"end":{"line":11,"column":null}},"4":{"start":{"line":13,"column":23},"end":{"line":20,"column":null}},"5":{"start":{"line":21,"column":6},"end":{"line":21,"column":null}},"6":{"start":{"line":23,"column":6},"end":{"line":23,"column":null}},"7":{"start":{"line":23,"column":34},"end":{"line":23,"column":null}},"8":{"start":{"line":24,"column":6},"end":{"line":24,"column":null}},"9":{"start":{"line":29,"column":4},"end":{"line":34,"column":null}},"10":{"start":{"line":30,"column":19},"end":{"line":30,"column":null}},"11":{"start":{"line":31,"column":6},"end":{"line":31,"column":null}},"12":{"start":{"line":33,"column":6},"end":{"line":33,"column":null}},"13":{"start":{"line":38,"column":4},"end":{"line":52,"column":null}},"14":{"start":{"line":39,"column":12},"end":{"line":39,"column":null}},"15":{"start":{"line":40,"column":23},"end":{"line":44,"column":null}},"16":{"start":{"line":45,"column":6},"end":{"line":47,"column":null}},"17":{"start":{"line":46,"column":8},"end":{"line":46,"column":null}},"18":{"start":{"line":48,"column":6},"end":{"line":48,"column":null}},"19":{"start":{"line":50,"column":6},"end":{"line":50,"column":null}},"20":{"start":{"line":50,"column":34},"end":{"line":50,"column":null}},"21":{"start":{"line":51,"column":6},"end":{"line":51,"column":null}},"22":{"start":{"line":56,"column":10},"end":{"line":56,"column":null}},"23":{"start":{"line":57,"column":4},"end":{"line":59,"column":null}},"24":{"start":{"line":58,"column":6},"end":{"line":58,"column":null}},"25":{"start":{"line":60,"column":20},"end":{"line":64,"column":null}},"26":{"start":{"line":65,"column":4},"end":{"line":67,"column":null}},"27":{"start":{"line":66,"column":6},"end":{"line":66,"column":null}},"28":{"start":{"line":68,"column":4},"end":{"line":68,"column":null}},"29":{"start":{"line":72,"column":4},"end":{"line":85,"column":null}},"30":{"start":{"line":73,"column":12},"end":{"line":73,"column":null}},"31":{"start":{"line":74,"column":24},"end":{"line":77,"column":null}},"32":{"start":{"line":78,"column":6},"end":{"line":80,"column":null}},"33":{"start":{"line":79,"column":8},"end":{"line":79,"column":null}},"34":{"start":{"line":81,"column":6},"end":{"line":81,"column":null}},"35":{"start":{"line":83,"column":6},"end":{"line":83,"column":null}},"36":{"start":{"line":83,"column":34},"end":{"line":83,"column":null}},"37":{"start":{"line":84,"column":6},"end":{"line":84,"column":null}}},"fnMap":{"0":{"name":"(anonymous_0)","decl":{"start":{"line":8,"column":8},"end":{"line":8,"column":21}},"loc":{"start":{"line":8,"column":40},"end":{"line":26,"column":null}},"line":8},"1":{"name":"(anonymous_1)","decl":{"start":{"line":28,"column":8},"end":{"line":28,"column":25}},"loc":{"start":{"line":28,"column":25},"end":{"line":35,"column":null}},"line":28},"2":{"name":"(anonymous_2)","decl":{"start":{"line":37,"column":8},"end":{"line":37,"column":23}},"loc":{"start":{"line":37,"column":35},"end":{"line":53,"column":null}},"line":37},"3":{"name":"(anonymous_3)","decl":{"start":{"line":55,"column":8},"end":{"line":55,"column":19}},"loc":{"start":{"line":55,"column":50},"end":{"line":69,"column":null}},"line":55},"4":{"name":"(anonymous_4)","decl":{"start":{"line":71,"column":8},"end":{"line":71,"column":19}},"loc":{"start":{"line":71,"column":31},"end":{"line":86,"column":null}},"line":71}},"branchMap":{"0":{"loc":{"start":{"line":10,"column":6},"end":{"line":12,"column":null}},"type":"if","locations":[{"start":{"line":10,"column":6},"end":{"line":12,"column":null}},{"start":{},"end":{}}],"line":10},"1":{"loc":{"start":{"line":10,"column":10},"end":{"line":10,"column":77}},"type":"binary-expr","locations":[{"start":{"line":10,"column":10},"end":{"line":10,"column":34}},{"start":{"line":10,"column":34},"end":{"line":10,"column":58}},{"start":{"line":10,"column":58},"end":{"line":10,"column":77}}],"line":10},"2":{"loc":{"start":{"line":23,"column":6},"end":{"line":23,"column":null}},"type":"if","locations":[{"start":{"line":23,"column":6},"end":{"line":23,"column":null}},{"start":{},"end":{}}],"line":23},"3":{"loc":{"start":{"line":45,"column":6},"end":{"line":47,"column":null}},"type":"if","locations":[{"start":{"line":45,"column":6},"end":{"line":47,"column":null}},{"start":{},"end":{}}],"line":45},"4":{"loc":{"start":{"line":50,"column":6},"end":{"line":50,"column":null}},"type":"if","locations":[{"start":{"line":50,"column":6},"end":{"line":50,"column":null}},{"start":{},"end":{}}],"line":50},"5":{"loc":{"start":{"line":57,"column":4},"end":{"line":59,"column":null}},"type":"if","locations":[{"start":{"line":57,"column":4},"end":{"line":59,"column":null}},{"start":{},"end":{}}],"line":57},"6":{"loc":{"start":{"line":65,"column":4},"end":{"line":67,"column":null}},"type":"if","locations":[{"start":{"line":65,"column":4},"end":{"line":67,"column":null}},{"start":{},"end":{}}],"line":65},"7":{"loc":{"start":{"line":78,"column":6},"end":{"line":80,"column":null}},"type":"if","locations":[{"start":{"line":78,"column":6},"end":{"line":80,"column":null}},{"start":{},"end":{}}],"line":78},"8":{"loc":{"start":{"line":83,"column":6},"end":{"line":83,"column":null}},"type":"if","locations":[{"start":{"line":83,"column":6},"end":{"line":83,"column":null}},{"start":{},"end":{}}],"line":83}},"s":{"0":1,"1":0,"2":0,"3":0,"4":0,"5":0,"6":0,"7":0,"8":0,"9":0,"10":0,"11":0,"12":0,"13":0,"14":0,"15":0,"16":0,"17":0,"18":0,"19":0,"20":0,"21":0,"22":0,"23":0,"24":0,"25":0,"26":0,"27":0,"28":0,"29":0,"30":0,"31":0,"32":0,"33":0,"34":0,"35":0,"36":0,"37":0},"f":{"0":0,"1":0,"2":0,"3":0,"4":0},"b":{"0":[0,0],"1":[0,0,0],"2":[0,0],"3":[0,0],"4":[0,0],"5":[0,0],"6":[0,0],"7":[0,0],"8":[0,0]},"meta":{"lastBranch":9,"lastFunction":5,"lastStatement":38,"seen":{"s:7:22:87:Infinity":0,"f:8:8:8:21":0,"s:9:4:25:Infinity":1,"b:10:6:12:Infinity:undefined:undefined:undefined:undefined":0,"s:10:6:12:Infinity":2,"b:10:10:10:34:10:34:10:58:10:58:10:77":1,"s:11:8:11:Infinity":3,"s:13:23:20:Infinity":4,"s:21:6:21:Infinity":5,"b:23:6:23:Infinity:undefined:undefined:undefined:undefined":2,"s:23:6:23:Infinity":6,"s:23:34:23:Infinity":7,"s:24:6:24:Infinity":8,"f:28:8:28:25":1,"s:29:4:34:Infinity":9,"s:30:19:30:Infinity":10,"s:31:6:31:Infinity":11,"s:33:6:33:Infinity":12,"f:37:8:37:23":2,"s:38:4:52:Infinity":13,"s:39:12:39:Infinity":14,"s:40:23:44:Infinity":15,"b:45:6:47:Infinity:undefined:undefined:undefined:undefined":3,"s:45:6:47:Infinity":16,"s:46:8:46:Infinity":17,"s:48:6:48:Infinity":18,"b:50:6:50:Infinity:undefined:undefined:undefined:undefined":4,"s:50:6:50:Infinity":19,"s:50:34:50:Infinity":20,"s:51:6:51:Infinity":21,"f:55:8:55:19":3,"s:56:10:56:Infinity":22,"b:57:4:59:Infinity:undefined:undefined:undefined:undefined":5,"s:57:4:59:Infinity":23,"s:58:6:58:Infinity":24,"s:60:20:64:Infinity":25,"b:65:4:67:Infinity:undefined:undefined:undefined:undefined":6,"s:65:4:67:Infinity":26,"s:66:6:66:Infinity":27,"s:68:4:68:Infinity":28,"f:71:8:71:19":4,"s:72:4:85:Infinity":29,"s:73:12:73:Infinity":30,"s:74:24:77:Infinity":31,"b:78:6:80:Infinity:undefined:undefined:undefined:undefined":7,"s:78:6:80:Infinity":32,"s:79:8:79:Infinity":33,"s:81:6:81:Infinity":34,"b:83:6:83:Infinity:undefined:undefined:undefined:undefined":8,"s:83:6:83:Infinity":35,"s:83:34:83:Infinity":36,"s:84:6:84:Infinity":37}}}
,"C:\\Users\\lmrab\\Desktop\\Monorepo test\\apps\\server\\src\\services\\user.service.ts": {"path":"C:\\Users\\lmrab\\Desktop\\Monorepo test\\apps\\server\\src\\services\\user.service.ts","statementMap":{"0":{"start":{"line":9,"column":20},"end":{"line":134,"column":null}},"1":{"start":{"line":12,"column":23},"end":{"line":16,"column":null}},"2":{"start":{"line":18,"column":2},"end":{"line":20,"column":null}},"3":{"start":{"line":19,"column":4},"end":{"line":19,"column":null}},"4":{"start":{"line":22,"column":25},"end":{"line":27,"column":null}},"5":{"start":{"line":29,"column":17},"end":{"line":36,"column":null}},"6":{"start":{"line":38,"column":2},"end":{"line":38,"column":null}},"7":{"start":{"line":42,"column":4},"end":{"line":59,"column":null}},"8":{"start":{"line":43,"column":12},"end":{"line":43,"column":null}},"9":{"start":{"line":45,"column":21},"end":{"line":51,"column":null}},"10":{"start":{"line":53,"column":4},"end":{"line":53,"column":null}},"11":{"start":{"line":55,"column":4},"end":{"line":57,"column":null}},"12":{"start":{"line":56,"column":6},"end":{"line":56,"column":null}},"13":{"start":{"line":64,"column":15},"end":{"line":68,"column":null}},"14":{"start":{"line":70,"column":2},"end":{"line":70,"column":null}},"15":{"start":{"line":70,"column":20},"end":{"line":70,"column":null}},"16":{"start":{"line":72,"column":24},"end":{"line":72,"column":null}},"17":{"start":{"line":73,"column":2},"end":{"line":73,"column":null}},"18":{"start":{"line":73,"column":22},"end":{"line":73,"column":null}},"19":{"start":{"line":75,"column":47},"end":{"line":75,"column":null}},"20":{"start":{"line":76,"column":2},"end":{"line":76,"column":null}},"21":{"start":{"line":80,"column":2},"end":{"line":91,"column":null}},"22":{"start":{"line":81,"column":22},"end":{"line":86,"column":null}},"23":{"start":{"line":88,"column":4},"end":{"line":88,"column":null}},"24":{"start":{"line":90,"column":4},"end":{"line":90,"column":null}},"25":{"start":{"line":95,"column":4},"end":{"line":111,"column":null}},"26":{"start":{"line":96,"column":12},"end":{"line":96,"column":null}},"27":{"start":{"line":98,"column":26},"end":{"line":102,"column":null}},"28":{"start":{"line":104,"column":6},"end":{"line":107,"column":null}},"29":{"start":{"line":105,"column":8},"end":{"line":107,"column":null}},"30":{"start":{"line":108,"column":6},"end":{"line":108,"column":null}},"31":{"start":{"line":110,"column":6},"end":{"line":110,"column":null}},"32":{"start":{"line":115,"column":4},"end":{"line":132,"column":null}},"33":{"start":{"line":116,"column":12},"end":{"line":116,"column":null}},"34":{"start":{"line":117,"column":26},"end":{"line":120,"column":null}},"35":{"start":{"line":121,"column":6},"end":{"line":125,"column":null}},"36":{"start":{"line":122,"column":8},"end":{"line":124,"column":null}},"37":{"start":{"line":126,"column":6},"end":{"line":126,"column":null}},"38":{"start":{"line":128,"column":6},"end":{"line":128,"column":null}},"39":{"start":{"line":128,"column":34},"end":{"line":128,"column":null}},"40":{"start":{"line":129,"column":6},"end":{"line":131,"column":null}}},"fnMap":{"0":{"name":"(anonymous_0)","decl":{"start":{"line":10,"column":8},"end":{"line":10,"column":19}},"loc":{"start":{"line":10,"column":38},"end":{"line":39,"column":null}},"line":10},"1":{"name":"(anonymous_1)","decl":{"start":{"line":41,"column":8},"end":{"line":41,"column":21}},"loc":{"start":{"line":41,"column":33},"end":{"line":60,"column":null}},"line":41},"2":{"name":"(anonymous_2)","decl":{"start":{"line":62,"column":8},"end":{"line":62,"column":18}},"loc":{"start":{"line":62,"column":37},"end":{"line":77,"column":null}},"line":62},"3":{"name":"(anonymous_3)","decl":{"start":{"line":79,"column":10},"end":{"line":79,"column":25}},"loc":{"start":{"line":79,"column":25},"end":{"line":92,"column":null}},"line":79},"4":{"name":"(anonymous_4)","decl":{"start":{"line":94,"column":8},"end":{"line":94,"column":19}},"loc":{"start":{"line":94,"column":48},"end":{"line":112,"column":null}},"line":94},"5":{"name":"(anonymous_5)","decl":{"start":{"line":114,"column":8},"end":{"line":114,"column":19}},"loc":{"start":{"line":114,"column":31},"end":{"line":133,"column":null}},"line":114}},"branchMap":{"0":{"loc":{"start":{"line":18,"column":2},"end":{"line":20,"column":null}},"type":"if","locations":[{"start":{"line":18,"column":2},"end":{"line":20,"column":null}},{"start":{},"end":{}}],"line":18},"1":{"loc":{"start":{"line":55,"column":4},"end":{"line":57,"column":null}},"type":"if","locations":[{"start":{"line":55,"column":4},"end":{"line":57,"column":null}},{"start":{},"end":{}}],"line":55},"2":{"loc":{"start":{"line":70,"column":2},"end":{"line":70,"column":null}},"type":"if","locations":[{"start":{"line":70,"column":2},"end":{"line":70,"column":null}},{"start":{},"end":{}}],"line":70},"3":{"loc":{"start":{"line":73,"column":2},"end":{"line":73,"column":null}},"type":"if","locations":[{"start":{"line":73,"column":2},"end":{"line":73,"column":null}},{"start":{},"end":{}}],"line":73},"4":{"loc":{"start":{"line":104,"column":6},"end":{"line":107,"column":null}},"type":"if","locations":[{"start":{"line":104,"column":6},"end":{"line":107,"column":null}},{"start":{},"end":{}}],"line":104},"5":{"loc":{"start":{"line":121,"column":6},"end":{"line":125,"column":null}},"type":"if","locations":[{"start":{"line":121,"column":6},"end":{"line":125,"column":null}},{"start":{},"end":{}}],"line":121},"6":{"loc":{"start":{"line":128,"column":6},"end":{"line":128,"column":null}},"type":"if","locations":[{"start":{"line":128,"column":6},"end":{"line":128,"column":null}},{"start":{},"end":{}}],"line":128}},"s":{"0":1,"1":2,"2":2,"3":1,"4":1,"5":1,"6":1,"7":2,"8":2,"9":2,"10":1,"11":1,"12":1,"13":0,"14":0,"15":0,"16":0,"17":0,"18":0,"19":0,"20":0,"21":0,"22":0,"23":0,"24":0,"25":0,"26":0,"27":0,"28":0,"29":0,"30":0,"31":0,"32":0,"33":0,"34":0,"35":0,"36":0,"37":0,"38":0,"39":0,"40":0},"f":{"0":2,"1":2,"2":0,"3":0,"4":0,"5":0},"b":{"0":[1,1],"1":[1,0],"2":[0,0],"3":[0,0],"4":[0,0],"5":[0,0],"6":[0,0]},"meta":{"lastBranch":7,"lastFunction":6,"lastStatement":41,"seen":{"s:9:20:134:Infinity":0,"f:10:8:10:19":0,"s:12:23:16:Infinity":1,"b:18:2:20:Infinity:undefined:undefined:undefined:undefined":0,"s:18:2:20:Infinity":2,"s:19:4:19:Infinity":3,"s:22:25:27:Infinity":4,"s:29:17:36:Infinity":5,"s:38:2:38:Infinity":6,"f:41:8:41:21":1,"s:42:4:59:Infinity":7,"s:43:12:43:Infinity":8,"s:45:21:51:Infinity":9,"s:53:4:53:Infinity":10,"b:55:4:57:Infinity:undefined:undefined:undefined:undefined":1,"s:55:4:57:Infinity":11,"s:56:6:56:Infinity":12,"f:62:8:62:18":2,"s:64:15:68:Infinity":13,"b:70:2:70:Infinity:undefined:undefined:undefined:undefined":2,"s:70:2:70:Infinity":14,"s:70:20:70:Infinity":15,"s:72:24:72:Infinity":16,"b:73:2:73:Infinity:undefined:undefined:undefined:undefined":3,"s:73:2:73:Infinity":17,"s:73:22:73:Infinity":18,"s:75:47:75:Infinity":19,"s:76:2:76:Infinity":20,"f:79:10:79:25":3,"s:80:2:91:Infinity":21,"s:81:22:86:Infinity":22,"s:88:4:88:Infinity":23,"s:90:4:90:Infinity":24,"f:94:8:94:19":4,"s:95:4:111:Infinity":25,"s:96:12:96:Infinity":26,"s:98:26:102:Infinity":27,"b:104:6:107:Infinity:undefined:undefined:undefined:undefined":4,"s:104:6:107:Infinity":28,"s:105:8:107:Infinity":29,"s:108:6:108:Infinity":30,"s:110:6:110:Infinity":31,"f:114:8:114:19":5,"s:115:4:132:Infinity":32,"s:116:12:116:Infinity":33,"s:117:26:120:Infinity":34,"b:121:6:125:Infinity:undefined:undefined:undefined:undefined":5,"s:121:6:125:Infinity":35,"s:122:8:124:Infinity":36,"s:126:6:126:Infinity":37,"b:128:6:128:Infinity:undefined:undefined:undefined:undefined":6,"s:128:6:128:Infinity":38,"s:128:34:128:Infinity":39,"s:129:6:131:Infinity":40}}}
,"C:\\Users\\lmrab\\Desktop\\Monorepo test\\apps\\server\\src\\utils\\normalizeId.ts": {"path":"C:\\Users\\lmrab\\Desktop\\Monorepo test\\apps\\server\\src\\utils\\normalizeId.ts","statementMap":{"0":{"start":{"line":2,"column":20},"end":{"line":2,"column":null}},"1":{"start":{"line":4,"column":2},"end":{"line":6,"column":null}},"2":{"start":{"line":5,"column":4},"end":{"line":5,"column":null}},"3":{"start":{"line":8,"column":2},"end":{"line":8,"column":null}}},"fnMap":{"0":{"name":"normalizeId","decl":{"start":{"line":1,"column":16},"end":{"line":1,"column":28}},"loc":{"start":{"line":1,"column":80},"end":{"line":9,"column":null}},"line":1}},"branchMap":{"0":{"loc":{"start":{"line":1,"column":40},"end":{"line":1,"column":80}},"type":"default-arg","locations":[{"start":{"line":1,"column":55},"end":{"line":1,"column":80}}],"line":1},"1":{"loc":{"start":{"line":4,"column":2},"end":{"line":6,"column":null}},"type":"if","locations":[{"start":{"line":4,"column":2},"end":{"line":6,"column":null}},{"start":{},"end":{}}],"line":4}},"s":{"0":8,"1":8,"2":3,"3":5},"f":{"0":8},"b":{"0":[8],"1":[3,5]},"meta":{"lastBranch":2,"lastFunction":1,"lastStatement":4,"seen":{"f:1:16:1:28":0,"b:1:55:1:80":0,"s:2:20:2:Infinity":0,"b:4:2:6:Infinity:undefined:undefined:undefined:undefined":1,"s:4:2:6:Infinity":1,"s:5:4:5:Infinity":2,"s:8:2:8:Infinity":3}}}
}
