{"/mnt/c/Users/HP ZBOOK/cineconnect/CineConnect-Monorepo/apps/server/src/config/ENV.ts": {"path":"/mnt/c/Users/HP ZBOOK/cineconnect/CineConnect-Monorepo/apps/server/src/config/ENV.ts","statementMap":{"0":{"start":{"line":3,"column":0},"end":{"line":3,"column":null}},"1":{"start":{"line":5,"column":12},"end":{"line":8,"column":null}}},"fnMap":{},"branchMap":{},"s":{"0":1,"1":1},"f":{},"b":{},"meta":{"lastBranch":0,"lastFunction":0,"lastStatement":2,"seen":{"s:3:0:3:Infinity":0,"s:5:12:8:Infinity":1}}}
,"/mnt/c/Users/HP ZBOOK/cineconnect/CineConnect-Monorepo/apps/server/src/db/index.ts": {"path":"/mnt/c/Users/HP ZBOOK/cineconnect/CineConnect-Monorepo/apps/server/src/db/index.ts","statementMap":{"0":{"start":{"line":5,"column":13},"end":{"line":7,"column":null}},"1":{"start":{"line":9,"column":6},"end":{"line":9,"column":null}}},"fnMap":{},"branchMap":{},"s":{"0":1,"1":1},"f":{},"b":{},"meta":{"lastBranch":0,"lastFunction":0,"lastStatement":2,"seen":{"s:5:13:7:Infinity":0,"s:9:6:9:Infinity":1}}}
,"/mnt/c/Users/HP ZBOOK/cineconnect/CineConnect-Monorepo/apps/server/src/db/schema.ts": {"path":"/mnt/c/Users/HP ZBOOK/cineconnect/CineConnect-Monorepo/apps/server/src/db/schema.ts","statementMap":{"0":{"start":{"line":9,"column":13},"end":{"line":15,"column":null}},"1":{"start":{"line":17,"column":13},"end":{"line":22,"column":null}},"2":{"start":{"line":24,"column":13},"end":{"line":29,"column":null}},"3":{"start":{"line":27,"column":38},"end":{"line":27,"column":51}},"4":{"start":{"line":28,"column":38},"end":{"line":28,"column":51}},"5":{"start":{"line":31,"column":13},"end":{"line":39,"column":null}},"6":{"start":{"line":35,"column":22},"end":{"line":35,"column":35}},"7":{"start":{"line":37,"column":38},"end":{"line":37,"column":51}},"8":{"start":{"line":38,"column":38},"end":{"line":38,"column":51}},"9":{"start":{"line":41,"column":13},"end":{"line":50,"column":null}},"10":{"start":{"line":44,"column":22},"end":{"line":44,"column":35}},"11":{"start":{"line":47,"column":22},"end":{"line":47,"column":35}},"12":{"start":{"line":52,"column":13},"end":{"line":55,"column":null}},"13":{"start":{"line":57,"column":13},"end":{"line":65,"column":null}},"14":{"start":{"line":60,"column":22},"end":{"line":60,"column":35}},"15":{"start":{"line":63,"column":22},"end":{"line":63,"column":40}}},"fnMap":{"0":{"name":"(anonymous_0)","decl":{"start":{"line":27,"column":32},"end":{"line":27,"column":38}},"loc":{"start":{"line":27,"column":38},"end":{"line":27,"column":51}},"line":27},"1":{"name":"(anonymous_1)","decl":{"start":{"line":28,"column":32},"end":{"line":28,"column":38}},"loc":{"start":{"line":28,"column":38},"end":{"line":28,"column":51}},"line":28},"2":{"name":"(anonymous_2)","decl":{"start":{"line":35,"column":16},"end":{"line":35,"column":22}},"loc":{"start":{"line":35,"column":22},"end":{"line":35,"column":35}},"line":35},"3":{"name":"(anonymous_3)","decl":{"start":{"line":37,"column":32},"end":{"line":37,"column":38}},"loc":{"start":{"line":37,"column":38},"end":{"line":37,"column":51}},"line":37},"4":{"name":"(anonymous_4)","decl":{"start":{"line":38,"column":32},"end":{"line":38,"column":38}},"loc":{"start":{"line":38,"column":38},"end":{"line":38,"column":51}},"line":38},"5":{"name":"(anonymous_5)","decl":{"start":{"line":44,"column":16},"end":{"line":44,"column":22}},"loc":{"start":{"line":44,"column":22},"end":{"line":44,"column":35}},"line":44},"6":{"name":"(anonymous_6)","decl":{"start":{"line":47,"column":16},"end":{"line":47,"column":22}},"loc":{"start":{"line":47,"column":22},"end":{"line":47,"column":35}},"line":47},"7":{"name":"(anonymous_7)","decl":{"start":{"line":60,"column":16},"end":{"line":60,"column":22}},"loc":{"start":{"line":60,"column":22},"end":{"line":60,"column":35}},"line":60},"8":{"name":"(anonymous_8)","decl":{"start":{"line":63,"column":16},"end":{"line":63,"column":22}},"loc":{"start":{"line":63,"column":22},"end":{"line":63,"column":40}},"line":63}},"branchMap":{},"s":{"0":1,"1":1,"2":1,"3":0,"4":0,"5":1,"6":0,"7":0,"8":0,"9":1,"10":0,"11":0,"12":1,"13":1,"14":0,"15":0},"f":{"0":0,"1":0,"2":0,"3":0,"4":0,"5":0,"6":0,"7":0,"8":0},"b":{},"meta":{"lastBranch":0,"lastFunction":9,"lastStatement":16,"seen":{"s:9:13:15:Infinity":0,"s:17:13:22:Infinity":1,"s:24:13:29:Infinity":2,"f:27:32:27:38":0,"s:27:38:27:51":3,"f:28:32:28:38":1,"s:28:38:28:51":4,"s:31:13:39:Infinity":5,"f:35:16:35:22":2,"s:35:22:35:35":6,"f:37:32:37:38":3,"s:37:38:37:51":7,"f:38:32:38:38":4,"s:38:38:38:51":8,"s:41:13:50:Infinity":9,"f:44:16:44:22":5,"s:44:22:44:35":10,"f:47:16:47:22":6,"s:47:22:47:35":11,"s:52:13:55:Infinity":12,"s:57:13:65:Infinity":13,"f:60:16:60:22":7,"s:60:22:60:35":14,"f:63:16:63:22":8,"s:63:22:63:40":15}}}
}
